e:\k019g1301\ライブラリ\directxtex\bin\desktop_2019_win10\x64\release\directxtex.pch
e:\k019g1301\ライブラリ\directxtex\bin\desktop_2019_win10\x64\release\directxtex.pdb
e:\k019g1301\ライブラリ\directxtex\bin\desktop_2019_win10\x64\release\directxtexutil.obj
e:\k019g1301\ライブラリ\directxtex\bin\desktop_2019_win10\x64\release\directxtexwic.obj
e:\k019g1301\ライブラリ\directxtex\bin\desktop_2019_win10\x64\release\directxtextga.obj
e:\k019g1301\ライブラリ\directxtex\bin\desktop_2019_win10\x64\release\directxtexresize.obj
e:\k019g1301\ライブラリ\directxtex\bin\desktop_2019_win10\x64\release\directxtexpmalpha.obj
e:\k019g1301\ライブラリ\directxtex\bin\desktop_2019_win10\x64\release\directxtexnormalmaps.obj
e:\k019g1301\ライブラリ\directxtex\bin\desktop_2019_win10\x64\release\directxtexmisc.obj
e:\k019g1301\ライブラリ\directxtex\bin\desktop_2019_win10\x64\release\directxtexmipmaps.obj
e:\k019g1301\ライブラリ\directxtex\bin\desktop_2019_win10\x64\release\directxteximage.obj
e:\k019g1301\ライブラリ\directxtex\bin\desktop_2019_win10\x64\release\directxtexhdr.obj
e:\k019g1301\ライブラリ\directxtex\bin\desktop_2019_win10\x64\release\directxtexfliprotate.obj
e:\k019g1301\ライブラリ\directxtex\bin\desktop_2019_win10\x64\release\directxtexdds.obj
e:\k019g1301\ライブラリ\directxtex\bin\desktop_2019_win10\x64\release\directxtexd3d12.obj
e:\k019g1301\ライブラリ\directxtex\bin\desktop_2019_win10\x64\release\directxtexd3d11.obj
e:\k019g1301\ライブラリ\directxtex\bin\desktop_2019_win10\x64\release\directxtexconvert.obj
e:\k019g1301\ライブラリ\directxtex\bin\desktop_2019_win10\x64\release\directxtexcompressgpu.obj
e:\k019g1301\ライブラリ\directxtex\bin\desktop_2019_win10\x64\release\directxtexcompress.obj
e:\k019g1301\ライブラリ\directxtex\bin\desktop_2019_win10\x64\release\bcdirectcompute.obj
e:\k019g1301\ライブラリ\directxtex\bin\desktop_2019_win10\x64\release\bc6hbc7.obj
e:\k019g1301\ライブラリ\directxtex\bin\desktop_2019_win10\x64\release\bc4bc5.obj
e:\k019g1301\ライブラリ\directxtex\bin\desktop_2019_win10\x64\release\bc.obj
e:\k019g1301\個人制作\shootingpazzle\directxtex\bin\desktop_2019_win10\x64\release\directxtex.pch
e:\k019g1301\個人制作\shootingpazzle\directxtex\bin\desktop_2019_win10\x64\release\directxtex.pdb
e:\k019g1301\個人制作\shootingpazzle\directxtex\bin\desktop_2019_win10\x64\release\directxtexutil.obj
e:\k019g1301\個人制作\shootingpazzle\directxtex\bin\desktop_2019_win10\x64\release\directxtexwic.obj
e:\k019g1301\個人制作\shootingpazzle\directxtex\bin\desktop_2019_win10\x64\release\directxtextga.obj
e:\k019g1301\個人制作\shootingpazzle\directxtex\bin\desktop_2019_win10\x64\release\directxtexresize.obj
e:\k019g1301\個人制作\shootingpazzle\directxtex\bin\desktop_2019_win10\x64\release\directxtexpmalpha.obj
e:\k019g1301\個人制作\shootingpazzle\directxtex\bin\desktop_2019_win10\x64\release\directxtexnormalmaps.obj
e:\k019g1301\個人制作\shootingpazzle\directxtex\bin\desktop_2019_win10\x64\release\directxtexmisc.obj
e:\k019g1301\個人制作\shootingpazzle\directxtex\bin\desktop_2019_win10\x64\release\directxtexmipmaps.obj
e:\k019g1301\個人制作\shootingpazzle\directxtex\bin\desktop_2019_win10\x64\release\directxteximage.obj
e:\k019g1301\個人制作\shootingpazzle\directxtex\bin\desktop_2019_win10\x64\release\directxtexhdr.obj
e:\k019g1301\個人制作\shootingpazzle\directxtex\bin\desktop_2019_win10\x64\release\directxtexfliprotate.obj
e:\k019g1301\個人制作\shootingpazzle\directxtex\bin\desktop_2019_win10\x64\release\directxtexdds.obj
e:\k019g1301\個人制作\shootingpazzle\directxtex\bin\desktop_2019_win10\x64\release\directxtexd3d12.obj
e:\k019g1301\個人制作\shootingpazzle\directxtex\bin\desktop_2019_win10\x64\release\directxtexd3d11.obj
e:\k019g1301\個人制作\shootingpazzle\directxtex\bin\desktop_2019_win10\x64\release\directxtexconvert.obj
e:\k019g1301\個人制作\shootingpazzle\directxtex\bin\desktop_2019_win10\x64\release\directxtexcompressgpu.obj
e:\k019g1301\個人制作\shootingpazzle\directxtex\bin\desktop_2019_win10\x64\release\directxtexcompress.obj
e:\k019g1301\個人制作\shootingpazzle\directxtex\bin\desktop_2019_win10\x64\release\bcdirectcompute.obj
e:\k019g1301\個人制作\shootingpazzle\directxtex\bin\desktop_2019_win10\x64\release\bc6hbc7.obj
e:\k019g1301\個人制作\shootingpazzle\directxtex\bin\desktop_2019_win10\x64\release\bc4bc5.obj
e:\k019g1301\個人制作\shootingpazzle\directxtex\bin\desktop_2019_win10\x64\release\bc.obj
e:\k019g1301\ライブラリ\directxtex\bin\desktop_2019_win10\x64\release\directxtex.lib
e:\k019g1301\個人制作\shootingpazzle\directxtex\bin\desktop_2019_win10\x64\release\directxtex.lib
e:\k019g1301\個人制作\shootingpazzle\directxtex\bin\desktop_2019_win10\x64\release\directxtex.tlog\cl.command.1.tlog
e:\k019g1301\個人制作\shootingpazzle\directxtex\bin\desktop_2019_win10\x64\release\directxtex.tlog\cl.read.1.tlog
e:\k019g1301\個人制作\shootingpazzle\directxtex\bin\desktop_2019_win10\x64\release\directxtex.tlog\cl.write.1.tlog
e:\k019g1301\個人制作\shootingpazzle\directxtex\bin\desktop_2019_win10\x64\release\directxtex.tlog\lib-link.read.1.tlog
e:\k019g1301\個人制作\shootingpazzle\directxtex\bin\desktop_2019_win10\x64\release\directxtex.tlog\lib-link.write.1.tlog
e:\k019g1301\個人制作\shootingpazzle\directxtex\bin\desktop_2019_win10\x64\release\directxtex.tlog\lib.command.1.tlog
