C:\Program Files (x86)\Microsoft Visual Studio\2019\Community\MSBuild\Microsoft\VC\v160\Microsoft.CppBuild.targets(513,5): warning MSB8028: 中間ディレクトリ (x64\Release\) に別のプロジェクト (Project1.vcxproj) と共有されているファイルが含まれています。これにより、クリーンしてリビルド動作が適切に行われない可能性があります。
  InstancingObject.cpp
  C:\Program Files (x86)\Windows Kits\10\Include\10.0.19041.0\um\dinput.h: DIRECTINPUT_VERSION undefined. Defaulting to version 0x0800
E:\K019G1301\個人制作\ShootingPazzle\DX12Library\Source\3D\InstancingObject.cpp(163,69): warning C4267: '=': 'size_t' から 'UINT' に変換しました。データが失われているかもしれません。
E:\K019G1301\個人制作\ShootingPazzle\DX12Library\Source\3D\InstancingObject.cpp(179,170): warning C4267: '引数': 'size_t' から 'UINT' に変換しました。データが失われているかもしれません。
  ObjModel.cpp
  C:\Program Files (x86)\Windows Kits\10\Include\10.0.19041.0\um\dinput.h: DIRECTINPUT_VERSION undefined. Defaulting to version 0x0800
E:\K019G1301\個人制作\ShootingPazzle\DX12Library\Source\3D\Model\ObjModel.cpp(43,10): warning C4101: 'result': ローカル変数は 1 度も使われていません。
E:\K019G1301\個人制作\ShootingPazzle\DX12Library\Source\3D\Model\ObjModel.cpp(361,23): warning C4244: '=': 'size_t' から 'float' への変換です。データが失われる可能性があります。
E:\K019G1301\個人制作\ShootingPazzle\DX12Library\Source\3D\Model\ObjModel.cpp(363,24): warning C4244: '=': 'size_t' から 'float' への変換です。データが失われる可能性があります。
E:\K019G1301\個人制作\ShootingPazzle\DX12Library\Source\3D\Model\ObjModel.cpp(409,60): warning C4267: '=': 'size_t' から 'UINT' に変換しました。データが失われているかもしれません。
E:\K019G1301\個人制作\ShootingPazzle\DX12Library\Source\3D\Model\ObjModel.cpp(428,58): warning C4267: '=': 'size_t' から 'UINT' に変換しました。データが失われているかもしれません。
C:\Program Files (x86)\Microsoft Visual Studio\2019\Community\VC\Tools\MSVC\14.29.30133\include\xmemory(714,1): warning C4267: '初期化中': 'size_t' から '_Objty' に変換しました。データが失われているかもしれません。
          with
          [
              _Objty=unsigned short
          ]
C:\Program Files (x86)\Microsoft Visual Studio\2019\Community\VC\Tools\MSVC\14.29.30133\include\vector(726): message : コンパイル対象の関数 テンプレート インスタンス化 'void std::_Default_allocator_traits<_Alloc>::construct<_Ty,unsigned __int64>(_Alloc &,_Objty *const ,unsigned __int64 &&)' のリファレンスを確認してください
          with
          [
              _Alloc=std::allocator<unsigned short>,
              _Ty=unsigned short,
              _Objty=unsigned short
          ]
C:\Program Files (x86)\Microsoft Visual Studio\2019\Community\VC\Tools\MSVC\14.29.30133\include\vector(726): message : コンパイル対象の関数 テンプレート インスタンス化 'void std::_Default_allocator_traits<_Alloc>::construct<_Ty,unsigned __int64>(_Alloc &,_Objty *const ,unsigned __int64 &&)' のリファレンスを確認してください
          with
          [
              _Alloc=std::allocator<unsigned short>,
              _Ty=unsigned short,
              _Objty=unsigned short
          ]
C:\Program Files (x86)\Microsoft Visual Studio\2019\Community\VC\Tools\MSVC\14.29.30133\include\vector(744): message : コンパイル対象の関数 テンプレート インスタンス化 'void std::vector<unsigned short,std::allocator<unsigned short>>::_Emplace_back_with_unused_capacity<_Ty>(_Ty &&)' のリファレンスを確認してください
          with
          [
              _Ty=unsigned __int64
          ]
E:\K019G1301\個人制作\ShootingPazzle\DX12Library\Source\3D\Model\ObjModel.cpp(143): message : コンパイル対象の関数 テンプレート インスタンス化 'void std::vector<unsigned short,std::allocator<unsigned short>>::emplace_back<unsigned __int64>(unsigned __int64 &&)' のリファレンスを確認してください
  DX12Library.vcxproj -> E:\K019G1301\個人制作\ShootingPazzle\x64\Release\DX12Library.lib
