e:\k019g1301\個人制作\shootingpazzle\x64\release\dx12library.pdb
e:\k019g1301\個人制作\shootingpazzle\dx12library\x64\release\objmodel.obj
e:\k019g1301\個人制作\shootingpazzle\dx12library\x64\release\fbxmodel.obj
e:\k019g1301\個人制作\shootingpazzle\dx12library\x64\release\fbxloader.obj
e:\k019g1301\個人制作\shootingpazzle\dx12library\x64\release\meshcollider.obj
e:\k019g1301\個人制作\shootingpazzle\dx12library\x64\release\line3d.obj
e:\k019g1301\個人制作\shootingpazzle\dx12library\x64\release\light.obj
e:\k019g1301\個人制作\shootingpazzle\dx12library\x64\release\instancingobject.obj
e:\k019g1301\個人制作\shootingpazzle\dx12library\x64\release\collisionprimitive.obj
e:\k019g1301\個人制作\shootingpazzle\dx12library\x64\release\collisionmanager.obj
e:\k019g1301\個人制作\shootingpazzle\dx12library\x64\release\collision.obj
e:\k019g1301\個人制作\shootingpazzle\dx12library\x64\release\camera.obj
e:\k019g1301\個人制作\shootingpazzle\dx12library\x64\release\aabbcollider.obj
e:\k019g1301\個人制作\shootingpazzle\dx12library\x64\release\sprite.obj
e:\k019g1301\個人制作\shootingpazzle\dx12library\x64\release\imgui_widgets.obj
e:\k019g1301\個人制作\shootingpazzle\dx12library\x64\release\imgui_tables.obj
e:\k019g1301\個人制作\shootingpazzle\dx12library\x64\release\imgui_impl_win32.obj
e:\k019g1301\個人制作\shootingpazzle\dx12library\x64\release\imgui_impl_dx12.obj
e:\k019g1301\個人制作\shootingpazzle\dx12library\x64\release\imgui_draw.obj
e:\k019g1301\個人制作\shootingpazzle\dx12library\x64\release\imgui_demo.obj
e:\k019g1301\個人制作\shootingpazzle\dx12library\x64\release\imgui.obj
e:\k019g1301\個人制作\shootingpazzle\dx12library\x64\release\drawmanager.obj
e:\k019g1301\個人制作\shootingpazzle\dx12library\x64\release\debugtext.obj
e:\k019g1301\個人制作\shootingpazzle\dx12library\x64\release\archive.obj
e:\k019g1301\個人制作\shootingpazzle\dx12library\x64\release\rendertext.obj
e:\k019g1301\個人制作\shootingpazzle\dx12library\x64\release\sound.obj
e:\k019g1301\個人制作\shootingpazzle\dx12library\x64\release\scenemanager.obj
e:\k019g1301\個人制作\shootingpazzle\dx12library\x64\release\vector4.obj
e:\k019g1301\個人制作\shootingpazzle\dx12library\x64\release\vector3.obj
e:\k019g1301\個人制作\shootingpazzle\dx12library\x64\release\vector2.obj
e:\k019g1301\個人制作\shootingpazzle\dx12library\x64\release\quaternion.obj
e:\k019g1301\個人制作\shootingpazzle\dx12library\x64\release\matrix4.obj
e:\k019g1301\個人制作\shootingpazzle\dx12library\x64\release\input.obj
e:\k019g1301\個人制作\shootingpazzle\dx12library\x64\release\posteffect.obj
e:\k019g1301\個人制作\shootingpazzle\dx12library\x64\release\particlemanager.obj
e:\k019g1301\個人制作\shootingpazzle\dx12library\x64\release\particle3d.obj
e:\k019g1301\個人制作\shootingpazzle\dx12library\x64\release\particle2d.obj
e:\k019g1301\個人制作\shootingpazzle\dx12library\x64\release\dx12util.obj
e:\k019g1301\個人制作\shootingpazzle\dx12library\x64\release\touchableobject.obj
e:\k019g1301\個人制作\shootingpazzle\dx12library\x64\release\spherecollider.obj
e:\k019g1301\個人制作\shootingpazzle\dx12library\x64\release\object3d.obj
e:\k019g1301\個人制作\shootingpazzle\dx12library\x64\release\timer.obj
e:\k019g1301\個人制作\shootingpazzle\dx12library\x64\release\imguihelper.obj
e:\k019g1301\個人制作\shootingpazzle\dx12library\x64\release\fpsmanager.obj
e:\k019g1301\個人制作\shootingpazzle\dx12library\x64\release\encorder.obj
e:\k019g1301\個人制作\shootingpazzle\dx12library\x64\release\easing.obj
e:\k019g1301\個人制作\shootingpazzle\x64\release\basicgeometryshader.cso
e:\k019g1301\個人制作\shootingpazzle\x64\release\basicpixelshader.cso
e:\k019g1301\個人制作\shootingpazzle\x64\release\basicvertexshader.cso
e:\k019g1301\個人制作\shootingpazzle\x64\release\fbxps.cso
e:\k019g1301\個人制作\shootingpazzle\x64\release\fbxshadowtestvs.cso
e:\k019g1301\個人制作\shootingpazzle\x64\release\fbxvs.cso
e:\k019g1301\個人制作\shootingpazzle\x64\release\instancingfbxps.cso
e:\k019g1301\個人制作\shootingpazzle\x64\release\instancingfbxshadowtestvs.cso
e:\k019g1301\個人制作\shootingpazzle\x64\release\instancingfbxvs.cso
e:\k019g1301\個人制作\shootingpazzle\x64\release\instancingobjgs.cso
e:\k019g1301\個人制作\shootingpazzle\x64\release\instancingobjps.cso
e:\k019g1301\個人制作\shootingpazzle\x64\release\instancingobjshadowtestvs.cso
e:\k019g1301\個人制作\shootingpazzle\x64\release\instancingobjvs.cso
e:\k019g1301\個人制作\shootingpazzle\x64\release\lineps.cso
e:\k019g1301\個人制作\shootingpazzle\x64\release\linevs.cso
e:\k019g1301\個人制作\shootingpazzle\x64\release\noshadepixelshader.cso
e:\k019g1301\個人制作\shootingpazzle\x64\release\noshadevertexshader.cso
e:\k019g1301\個人制作\shootingpazzle\x64\release\objgs.cso
e:\k019g1301\個人制作\shootingpazzle\x64\release\objps.cso
e:\k019g1301\個人制作\shootingpazzle\x64\release\objshadowtestvs.cso
e:\k019g1301\個人制作\shootingpazzle\x64\release\objvs.cso
e:\k019g1301\個人制作\shootingpazzle\x64\release\particle2dgs.cso
e:\k019g1301\個人制作\shootingpazzle\x64\release\particle2dps.cso
e:\k019g1301\個人制作\shootingpazzle\x64\release\particle2dvs.cso
e:\k019g1301\個人制作\shootingpazzle\x64\release\particle3dgs.cso
e:\k019g1301\個人制作\shootingpazzle\x64\release\particle3dps.cso
e:\k019g1301\個人制作\shootingpazzle\x64\release\particle3dvs.cso
e:\k019g1301\個人制作\shootingpazzle\x64\release\posteffecttestps.cso
e:\k019g1301\個人制作\shootingpazzle\x64\release\posteffecttestvs.cso
e:\k019g1301\個人制作\shootingpazzle\x64\release\spritepixelshader.cso
e:\k019g1301\個人制作\shootingpazzle\x64\release\spritevertexshader.cso
e:\k019g1301\個人制作\shootingpazzle\x64\release\textpixelshader.cso
e:\k019g1301\個人制作\shootingpazzle\x64\release\textvertexshader.cso
e:\k019g1301\個人制作\shootingpazzle\x64\release\dx12library.lib
e:\k019g1301\個人制作\shootingpazzle\dx12library\x64\release\dx12library.tlog\cl.command.1.tlog
e:\k019g1301\個人制作\shootingpazzle\dx12library\x64\release\dx12library.tlog\cl.read.1.tlog
e:\k019g1301\個人制作\shootingpazzle\dx12library\x64\release\dx12library.tlog\cl.write.1.tlog
e:\k019g1301\個人制作\shootingpazzle\dx12library\x64\release\dx12library.tlog\fxc.command.1.tlog
e:\k019g1301\個人制作\shootingpazzle\dx12library\x64\release\dx12library.tlog\fxc.read.1.tlog
e:\k019g1301\個人制作\shootingpazzle\dx12library\x64\release\dx12library.tlog\fxc.write.1.tlog
e:\k019g1301\個人制作\shootingpazzle\dx12library\x64\release\dx12library.tlog\lib-link.read.1.tlog
e:\k019g1301\個人制作\shootingpazzle\dx12library\x64\release\dx12library.tlog\lib-link.write.1.tlog
e:\k019g1301\個人制作\shootingpazzle\dx12library\x64\release\dx12library.tlog\lib.command.1.tlog
