e:\k019g1301\個人制作\shootingpazzle\game\x64\debug\vc142.pdb
e:\k019g1301\個人制作\shootingpazzle\game\x64\debug\vc142.idb
e:\k019g1301\個人制作\shootingpazzle\game\x64\debug\main.obj
e:\k019g1301\個人制作\shootingpazzle\game\x64\debug\title.obj
e:\k019g1301\個人制作\shootingpazzle\game\x64\debug\gamesound.obj
e:\k019g1301\個人制作\shootingpazzle\game\x64\debug\uisquarebutton.obj
e:\k019g1301\個人制作\shootingpazzle\game\x64\debug\triangleblock.obj
e:\k019g1301\個人制作\shootingpazzle\game\x64\debug\stageselect.obj
e:\k019g1301\個人制作\shootingpazzle\game\x64\debug\squareblock.obj
e:\k019g1301\個人制作\shootingpazzle\game\x64\debug\mybullet.obj
e:\k019g1301\個人制作\shootingpazzle\game\x64\debug\gameplay.obj
e:\k019g1301\個人制作\shootingpazzle\game\x64\debug\gamecamera.obj
e:\k019g1301\個人制作\shootingpazzle\game\x64\debug\breakfloor.obj
e:\k019g1301\個人制作\shootingpazzle\game\x64\debug\tutorial.obj
e:\k019g1301\個人制作\shootingpazzle\game\x64\debug\turnfloor.obj
e:\k019g1301\個人制作\shootingpazzle\game\x64\debug\switchfloor.obj
e:\k019g1301\個人制作\shootingpazzle\game\x64\debug\stage.obj
e:\k019g1301\個人制作\shootingpazzle\game\x64\debug\normalfloor.obj
e:\k019g1301\個人制作\shootingpazzle\game\x64\debug\holefloor.obj
e:\k019g1301\個人制作\shootingpazzle\game\x64\debug\gameutility.obj
e:\k019g1301\個人制作\shootingpazzle\game\x64\debug\basefloor.obj
e:\k019g1301\個人制作\shootingpazzle\game\x64\debug\baseblock.obj
e:\k019g1301\個人制作\shootingpazzle\x64\debug\game.exe
e:\k019g1301\個人制作\shootingpazzle\game\x64\debug\game.ilk
e:\k019g1301\個人制作\shootingpazzle\x64\debug\game.pdb
e:\k019g1301\個人制作\shootingpazzle\game\x64\debug\game.tlog\cl.command.1.tlog
e:\k019g1301\個人制作\shootingpazzle\game\x64\debug\game.tlog\cl.read.1.tlog
e:\k019g1301\個人制作\shootingpazzle\game\x64\debug\game.tlog\cl.write.1.tlog
e:\k019g1301\個人制作\shootingpazzle\game\x64\debug\game.tlog\link.command.1.tlog
e:\k019g1301\個人制作\shootingpazzle\game\x64\debug\game.tlog\link.read.1.tlog
e:\k019g1301\個人制作\shootingpazzle\game\x64\debug\game.tlog\link.write.1.tlog
