  E:\K019G1301\個人制作\ShootingPazzle\DX12Library\Shader\BasicGeometryShader.hlsl
  E:\K019G1301\個人制作\ShootingPazzle\DX12Library\Shader\BasicPixelShader.hlsl
  E:\K019G1301\個人制作\ShootingPazzle\DX12Library\Shader\BasicShaderHeader.hlsli
  E:\K019G1301\個人制作\ShootingPazzle\DX12Library\Shader\BasicVertexShader.hlsl
  E:\K019G1301\個人制作\ShootingPazzle\DX12Library\Shader\FBX.hlsli
  E:\K019G1301\個人制作\ShootingPazzle\DX12Library\Shader\FBXPS.hlsl
  E:\K019G1301\個人制作\ShootingPazzle\DX12Library\Shader\FBXShadowTest.hlsli
  E:\K019G1301\個人制作\ShootingPazzle\DX12Library\Shader\FBXShadowTestVS.hlsl
  E:\K019G1301\個人制作\ShootingPazzle\DX12Library\Shader\FBXVS.hlsl
  E:\K019G1301\個人制作\ShootingPazzle\DX12Library\Shader\InstancingFBX.hlsli
  E:\K019G1301\個人制作\ShootingPazzle\DX12Library\Shader\InstancingFBXPS.hlsl
  E:\K019G1301\個人制作\ShootingPazzle\DX12Library\Shader\InstancingFBXShadowTest.hlsli
  E:\K019G1301\個人制作\ShootingPazzle\DX12Library\Shader\InstancingFBXShadowTestVS.hlsl
  E:\K019G1301\個人制作\ShootingPazzle\DX12Library\Shader\InstancingFBXVS.hlsl
  E:\K019G1301\個人制作\ShootingPazzle\DX12Library\Shader\InstancingOBJ.hlsli
  E:\K019G1301\個人制作\ShootingPazzle\DX12Library\Shader\InstancingOBJGS.hlsl
  E:\K019G1301\個人制作\ShootingPazzle\DX12Library\Shader\InstancingOBJPS.hlsl
  E:\K019G1301\個人制作\ShootingPazzle\DX12Library\Shader\InstancingOBJShadowTest.hlsli
  E:\K019G1301\個人制作\ShootingPazzle\DX12Library\Shader\InstancingOBJShadowTestVS.hlsl
  E:\K019G1301\個人制作\ShootingPazzle\DX12Library\Shader\InstancingOBJVS.hlsl
  E:\K019G1301\個人制作\ShootingPazzle\DX12Library\Shader\Line.hlsli
  E:\K019G1301\個人制作\ShootingPazzle\DX12Library\Shader\LinePS.hlsl
  E:\K019G1301\個人制作\ShootingPazzle\DX12Library\Shader\LineVS.hlsl
  E:\K019G1301\個人制作\ShootingPazzle\DX12Library\Shader\NoShadePixelShader.hlsl
  E:\K019G1301\個人制作\ShootingPazzle\DX12Library\Shader\NoShadeShaderHeader.hlsli
  E:\K019G1301\個人制作\ShootingPazzle\DX12Library\Shader\NoShadeVertexShader.hlsl
  E:\K019G1301\個人制作\ShootingPazzle\DX12Library\Shader\OBJ.hlsli
  E:\K019G1301\個人制作\ShootingPazzle\DX12Library\Shader\OBJGS.hlsl
  E:\K019G1301\個人制作\ShootingPazzle\DX12Library\Shader\OBJPS.hlsl
  E:\K019G1301\個人制作\ShootingPazzle\DX12Library\Shader\OBJShadowTest.hlsli
  E:\K019G1301\個人制作\ShootingPazzle\DX12Library\Shader\OBJShadowTestVS.hlsl
  E:\K019G1301\個人制作\ShootingPazzle\DX12Library\Shader\OBJVS.hlsl
  E:\K019G1301\個人制作\ShootingPazzle\DX12Library\Shader\Particle2D.hlsli
  E:\K019G1301\個人制作\ShootingPazzle\DX12Library\Shader\Particle2DGS.hlsl
  E:\K019G1301\個人制作\ShootingPazzle\DX12Library\Shader\Particle2DPS.hlsl
  E:\K019G1301\個人制作\ShootingPazzle\DX12Library\Shader\Particle2DVS.hlsl
  E:\K019G1301\個人制作\ShootingPazzle\DX12Library\Shader\Particle3D.hlsli
  E:\K019G1301\個人制作\ShootingPazzle\DX12Library\Shader\Particle3DGS.hlsl
  E:\K019G1301\個人制作\ShootingPazzle\DX12Library\Shader\Particle3DPS.hlsl
  E:\K019G1301\個人制作\ShootingPazzle\DX12Library\Shader\Particle3DVS.hlsl
  E:\K019G1301\個人制作\ShootingPazzle\DX12Library\Shader\PostEffectTest.hlsli
  E:\K019G1301\個人制作\ShootingPazzle\DX12Library\Shader\PostEffectTestPS.hlsl
  E:\K019G1301\個人制作\ShootingPazzle\DX12Library\Shader\PostEffectTestVS.hlsl
  E:\K019G1301\個人制作\ShootingPazzle\DX12Library\Shader\SpritePixelShader.hlsl
  E:\K019G1301\個人制作\ShootingPazzle\DX12Library\Shader\SpriteShaderHeader.hlsli
  E:\K019G1301\個人制作\ShootingPazzle\DX12Library\Shader\SpriteVertexShader.hlsl
  E:\K019G1301\個人制作\ShootingPazzle\DX12Library\Shader\TextPixelShader.hlsl
  E:\K019G1301\個人制作\ShootingPazzle\DX12Library\Shader\TextShaderHeader.hlsli
  E:\K019G1301\個人制作\ShootingPazzle\DX12Library\Shader\TextVertexShader.hlsl
  49 個のファイルをコピーしました
C:\Program Files (x86)\Microsoft Visual Studio\2019\Community\MSBuild\Microsoft\VC\v160\Microsoft.CppBuild.targets(513,5): warning MSB8028: 中間ディレクトリ (x64\Debug\) に別のプロジェクト (Project1.vcxproj) と共有されているファイルが含まれています。これにより、クリーンしてリビルド動作が適切に行われない可能性があります。
  GamePlay.cpp
  C:\Program Files (x86)\Windows Kits\10\Include\10.0.19041.0\um\dinput.h: DIRECTINPUT_VERSION undefined. Defaulting to version 0x0800
E:\K019G1301\個人制作\ShootingPazzle\DX12Library\Header\Input.h(2,1): warning C4005: 'DIRECTINPUT_VERSION': マクロが再定義されました。
C:\Program Files (x86)\Windows Kits\10\Include\10.0.19041.0\um\dinput.h(48): message : 'DIRECTINPUT_VERSION' の以前の定義を確認してください
E:\K019G1301\個人制作\ShootingPazzle\Game\GamePlay.cpp(95,28): warning C4244: '引数': 'double' から 'float' への変換です。データが失われる可能性があります。
E:\K019G1301\個人制作\ShootingPazzle\Game\GamePlay.cpp(97,13): warning C4244: '初期化中': 'double' から 'float' への変換です。データが失われる可能性があります。
E:\K019G1301\個人制作\ShootingPazzle\Game\GamePlay.cpp(116,47): warning C4305: '引数': 'double' から 'const float' へ切り詰めます。
E:\K019G1301\個人制作\ShootingPazzle\Game\GamePlay.cpp(333,14): warning C4244: '初期化中': 'double' から 'float' への変換です。データが失われる可能性があります。
E:\K019G1301\個人制作\ShootingPazzle\Game\GamePlay.cpp(341,28): warning C4244: '引数': 'double' から 'const float' への変換です。データが失われる可能性があります。
E:\K019G1301\個人制作\ShootingPazzle\Game\GamePlay.cpp(381,11): warning C4244: '初期化中': 'double' から 'float' への変換です。データが失われる可能性があります。
E:\K019G1301\個人制作\ShootingPazzle\Game\GamePlay.cpp(385,27): warning C4244: '=': 'double' から 'float' への変換です。データが失われる可能性があります。
E:\K019G1301\個人制作\ShootingPazzle\Game\GamePlay.cpp(388,27): warning C4244: '=': 'double' から 'float' への変換です。データが失われる可能性があります。
E:\K019G1301\個人制作\ShootingPazzle\Game\GamePlay.cpp(391,27): warning C4244: '=': 'double' から 'float' への変換です。データが失われる可能性があります。
E:\K019G1301\個人制作\ShootingPazzle\Game\GamePlay.cpp(393,27): warning C4244: '=': 'double' から 'float' への変換です。データが失われる可能性があります。
E:\K019G1301\個人制作\ShootingPazzle\Game\GamePlay.cpp(399,11): warning C4244: '初期化中': 'double' から 'float' への変換です。データが失われる可能性があります。
E:\K019G1301\個人制作\ShootingPazzle\Game\GamePlay.cpp(403,27): warning C4244: '=': 'double' から 'float' への変換です。データが失われる可能性があります。
E:\K019G1301\個人制作\ShootingPazzle\Game\GamePlay.cpp(406,27): warning C4244: '=': 'double' から 'float' への変換です。データが失われる可能性があります。
E:\K019G1301\個人制作\ShootingPazzle\Game\GamePlay.cpp(409,27): warning C4244: '=': 'double' から 'float' への変換です。データが失われる可能性があります。
E:\K019G1301\個人制作\ShootingPazzle\Game\GamePlay.cpp(411,27): warning C4244: '=': 'double' から 'float' への変換です。データが失われる可能性があります。
E:\K019G1301\個人制作\ShootingPazzle\Game\GamePlay.cpp(417,47): warning C4244: '+=': 'double' から 'float' への変換です。データが失われる可能性があります。
E:\K019G1301\個人制作\ShootingPazzle\Game\GamePlay.cpp(465,33): warning C4244: '=': 'double' から 'float' への変換です。データが失われる可能性があります。
E:\K019G1301\個人制作\ShootingPazzle\Game\GamePlay.cpp(469,33): warning C4244: '=': 'double' から 'float' への変換です。データが失われる可能性があります。
E:\K019G1301\個人制作\ShootingPazzle\Game\GamePlay.cpp(527,46): warning C4244: '=': 'int' から 'float' への変換です。データが失われる可能性があります。
E:\K019G1301\個人制作\ShootingPazzle\Game\GamePlay.cpp(530,34): warning C4244: '=': 'double' から 'float' への変換です。データが失われる可能性があります。
E:\K019G1301\個人制作\ShootingPazzle\Game\GamePlay.cpp(538,15): warning C4244: '初期化中': 'double' から 'float' への変換です。データが失われる可能性があります。
E:\K019G1301\個人制作\ShootingPazzle\Game\GamePlay.cpp(550,15): warning C4244: '初期化中': 'double' から 'float' への変換です。データが失われる可能性があります。
E:\K019G1301\個人制作\ShootingPazzle\Game\GamePlay.cpp(559,53): warning C4267: '初期化中': 'size_t' から 'int' に変換しました。データが失われているかもしれません。
E:\K019G1301\個人制作\ShootingPazzle\Game\GamePlay.cpp(584,11): warning C4244: '初期化中': 'double' から 'float' への変換です。データが失われる可能性があります。
E:\K019G1301\個人制作\ShootingPazzle\Game\GamePlay.cpp(602,53): warning C4244: '引数': 'int' から 'float' への変換です。データが失われる可能性があります。
E:\K019G1301\個人制作\ShootingPazzle\Game\GamePlay.cpp(604,88): warning C4244: '引数': 'double' から 'float' への変換です。データが失われる可能性があります。
E:\K019G1301\個人制作\ShootingPazzle\Game\GamePlay.cpp(605,68): warning C4244: '引数': 'double' から 'float' への変換です。データが失われる可能性があります。
E:\K019G1301\個人制作\ShootingPazzle\Game\GamePlay.cpp(620,52): warning C4244: '引数': 'int' から 'float' への変換です。データが失われる可能性があります。
E:\K019G1301\個人制作\ShootingPazzle\Game\GamePlay.cpp(639,15): warning C4244: '初期化中': 'double' から 'float' への変換です。データが失われる可能性があります。
E:\K019G1301\個人制作\ShootingPazzle\Game\GamePlay.cpp(845,25): warning C4244: '=': 'float' から 'int' への変換です。データが失われる可能性があります。
  GameSound.cpp
E:\K019G1301\個人制作\ShootingPazzle\Game\GameSound.cpp(80,34): warning C4267: '初期化中': 'size_t' から 'int' に変換しました。データが失われているかもしれません。
E:\K019G1301\個人制作\ShootingPazzle\Game\GameSound.cpp(86,32): warning C4267: '=': 'size_t' から 'int' に変換しました。データが失われているかもしれません。
C:\Program Files (x86)\Microsoft Visual Studio\2019\Community\VC\Tools\MSVC\14.29.30133\include\utility(193,48): warning C4267: '初期化中': 'size_t' から '_Ty2' に変換しました。データが失われているかもしれません。
          with
          [
              _Ty2=int
          ]
C:\Program Files (x86)\Microsoft Visual Studio\2019\Community\VC\Tools\MSVC\14.29.30133\include\xmemory(714): message : コンパイル対象の関数 テンプレート インスタンス化 'std::pair<const std::wstring,int>::pair<std::wstring&,_Ty,0>(_Other1,_Other2 &&) noexcept(false)' のリファレンスを確認してください
          with
          [
              _Ty=unsigned __int64,
              _Other1=std::wstring &,
              _Other2=unsigned __int64
          ]
C:\Program Files (x86)\Microsoft Visual Studio\2019\Community\VC\Tools\MSVC\14.29.30133\include\xmemory(714): message : コンパイル対象の関数 テンプレート インスタンス化 'std::pair<const std::wstring,int>::pair<std::wstring&,_Ty,0>(_Other1,_Other2 &&) noexcept(false)' のリファレンスを確認してください
          with
          [
              _Ty=unsigned __int64,
              _Other1=std::wstring &,
              _Other2=unsigned __int64
          ]
C:\Program Files (x86)\Microsoft Visual Studio\2019\Community\VC\Tools\MSVC\14.29.30133\include\list(591): message : コンパイル対象の関数 テンプレート インスタンス化 'void std::_Default_allocator_traits<_Alloc>::construct<_Ty,std::wstring&,unsigned __int64>(_Alloc &,_Objty *const ,std::wstring &,unsigned __int64 &&)' のリファレンスを確認してください
          with
          [
              _Alloc=std::allocator<std::_List_node<std::pair<const std::wstring,int>,std::_Default_allocator_traits<std::allocator<std::pair<const std::wstring,int>>>::void_pointer>>,
              _Ty=std::pair<const std::wstring,int>,
              _Objty=std::pair<const std::wstring,int>
          ]
C:\Program Files (x86)\Microsoft Visual Studio\2019\Community\VC\Tools\MSVC\14.29.30133\include\list(591): message : コンパイル対象の関数 テンプレート インスタンス化 'void std::_Default_allocator_traits<_Alloc>::construct<_Ty,std::wstring&,unsigned __int64>(_Alloc &,_Objty *const ,std::wstring &,unsigned __int64 &&)' のリファレンスを確認してください
          with
          [
              _Alloc=std::allocator<std::_List_node<std::pair<const std::wstring,int>,std::_Default_allocator_traits<std::allocator<std::pair<const std::wstring,int>>>::void_pointer>>,
              _Ty=std::pair<const std::wstring,int>,
              _Objty=std::pair<const std::wstring,int>
          ]
C:\Program Files (x86)\Microsoft Visual Studio\2019\Community\VC\Tools\MSVC\14.29.30133\include\xhash(592): message : コンパイル対象の関数 テンプレート インスタンス化 'std::_List_node_emplace_op2<std::allocator<std::_List_node<_Ty,std::_Default_allocator_traits<_Alloc>::void_pointer>>>::_List_node_emplace_op2<std::wstring&,unsigned __int64>(_Alnode &,std::wstring &,unsigned __int64 &&)' のリファレンスを確認してください
          with
          [
              _Ty=std::pair<const std::wstring,int>,
              _Alloc=std::allocator<std::pair<const std::wstring,int>>,
              _Alnode=std::allocator<std::_List_node<std::pair<const std::wstring,int>,std::_Default_allocator_traits<std::allocator<std::pair<const std::wstring,int>>>::void_pointer>>
          ]
C:\Program Files (x86)\Microsoft Visual Studio\2019\Community\VC\Tools\MSVC\14.29.30133\include\xhash(592): message : コンパイル対象の関数 テンプレート インスタンス化 'std::_List_node_emplace_op2<std::allocator<std::_List_node<_Ty,std::_Default_allocator_traits<_Alloc>::void_pointer>>>::_List_node_emplace_op2<std::wstring&,unsigned __int64>(_Alnode &,std::wstring &,unsigned __int64 &&)' のリファレンスを確認してください
          with
          [
              _Ty=std::pair<const std::wstring,int>,
              _Alloc=std::allocator<std::pair<const std::wstring,int>>,
              _Alnode=std::allocator<std::_List_node<std::pair<const std::wstring,int>,std::_Default_allocator_traits<std::allocator<std::pair<const std::wstring,int>>>::void_pointer>>
          ]
E:\K019G1301\個人制作\ShootingPazzle\Game\GameSound.cpp(100): message : コンパイル対象の関数 テンプレート インスタンス化 'std::pair<std::_List_iterator<std::_List_val<std::_List_simple_types<_Ty>>>,bool> std::_Hash<std::_Umap_traits<_Kty,int,std::_Uhash_compare<_Kty,_Hasher,_Keyeq>,_Alloc,false>>::emplace<std::wstring&,unsigned __int64>(std::wstring &,unsigned __int64 &&)' のリファレンスを確認してください
          with
          [
              _Ty=std::pair<const std::wstring,int>,
              _Kty=std::wstring,
              _Hasher=std::hash<std::wstring>,
              _Keyeq=std::equal_to<std::wstring>,
              _Alloc=std::allocator<std::pair<const std::wstring,int>>
          ]
E:\K019G1301\個人制作\ShootingPazzle\Game\GameSound.cpp(100): message : コンパイル対象の関数 テンプレート インスタンス化 'std::pair<std::_List_iterator<std::_List_val<std::_List_simple_types<_Ty>>>,bool> std::_Hash<std::_Umap_traits<_Kty,int,std::_Uhash_compare<_Kty,_Hasher,_Keyeq>,_Alloc,false>>::emplace<std::wstring&,unsigned __int64>(std::wstring &,unsigned __int64 &&)' のリファレンスを確認してください
          with
          [
              _Ty=std::pair<const std::wstring,int>,
              _Kty=std::wstring,
              _Hasher=std::hash<std::wstring>,
              _Keyeq=std::equal_to<std::wstring>,
              _Alloc=std::allocator<std::pair<const std::wstring,int>>
          ]
  コードを生成中...
E:\K019G1301\個人制作\ShootingPazzle\DX12Library\Header\Sprite.h(175): warning C4172: ローカル変数またはテンポラリのアドレスを返します
  Game.vcxproj -> E:\K019G1301\個人制作\ShootingPazzle\x64\Debug\Game.exe
  E:\K019G1301\個人制作\ShootingPazzle\Game\Resources\2DTexture\GamePlay\Arrow.png
  E:\K019G1301\個人制作\ShootingPazzle\Game\Resources\2DTexture\GamePlay\Game_PopUp.png
  E:\K019G1301\個人制作\ShootingPazzle\Game\Resources\2DTexture\GamePlay\Text_Clear.png
  E:\K019G1301\個人制作\ShootingPazzle\Game\Resources\2DTexture\GamePlay\Text_ClearTime.png
  E:\K019G1301\個人制作\ShootingPazzle\Game\Resources\2DTexture\GamePlay\Text_TimeNumber.png
  E:\K019G1301\個人制作\ShootingPazzle\Game\Resources\2DTexture\GamePlay\UI_Arrow_Back.png
  E:\K019G1301\個人制作\ShootingPazzle\Game\Resources\2DTexture\GamePlay\UI_Arrow_Reset.png
  E:\K019G1301\個人制作\ShootingPazzle\Game\Resources\2DTexture\GamePlay\UI_No.png
  E:\K019G1301\個人制作\ShootingPazzle\Game\Resources\2DTexture\GamePlay\UI_Number.png
  E:\K019G1301\個人制作\ShootingPazzle\Game\Resources\2DTexture\GamePlay\UI_OK.png
  E:\K019G1301\個人制作\ShootingPazzle\Game\Resources\2DTexture\GamePlay\UI_RemainingBlock.png
  E:\K019G1301\個人制作\ShootingPazzle\Game\Resources\2DTexture\GamePlay\UI_Yes.png
  E:\K019G1301\個人制作\ShootingPazzle\Game\Resources\2DTexture\GamePlay\Tutorial\Mouse.png
  E:\K019G1301\個人制作\ShootingPazzle\Game\Resources\2DTexture\GamePlay\Tutorial\MouseCover.png
  E:\K019G1301\個人制作\ShootingPazzle\Game\Resources\2DTexture\GamePlay\Tutorial\Popup.png
  E:\K019G1301\個人制作\ShootingPazzle\Game\Resources\2DTexture\GamePlay\Tutorial\Text.png
  E:\K019G1301\個人制作\ShootingPazzle\Game\Resources\2DTexture\StageSelect\Arrow_Down.png
  E:\K019G1301\個人制作\ShootingPazzle\Game\Resources\2DTexture\StageSelect\Arrow_Up.png
  E:\K019G1301\個人制作\ShootingPazzle\Game\Resources\2DTexture\StageSelect\Background.png
  E:\K019G1301\個人制作\ShootingPazzle\Game\Resources\2DTexture\StageSelect\Stage_BG.png
  E:\K019G1301\個人制作\ShootingPazzle\Game\Resources\2DTexture\StageSelect\Text_Stage.png
  E:\K019G1301\個人制作\ShootingPazzle\Game\Resources\2DTexture\StageSelect\UI_Arrow_Down.png
  E:\K019G1301\個人制作\ShootingPazzle\Game\Resources\2DTexture\StageSelect\UI_Arrow_Up.png
  E:\K019G1301\個人制作\ShootingPazzle\Game\Resources\2DTexture\StageSelect\UI_Number.png
  E:\K019G1301\個人制作\ShootingPazzle\Game\Resources\2DTexture\StageSelect\UI_Start.png
  E:\K019G1301\個人制作\ShootingPazzle\Game\Resources\2DTexture\Title\Attention.png
  E:\K019G1301\個人制作\ShootingPazzle\Game\Resources\2DTexture\Title\Text_Click.png
  E:\K019G1301\個人制作\ShootingPazzle\Game\Resources\2DTexture\Title\Text_Title.png
  E:\K019G1301\個人制作\ShootingPazzle\Game\Resources\2DTexture\Utility\Black1280x720.png
  E:\K019G1301\個人制作\ShootingPazzle\Game\Resources\2DTexture\Utility\White1280x720.png
  E:\K019G1301\個人制作\ShootingPazzle\Game\Resources\2DTexture\Utility\Particle\Break.png
  E:\K019G1301\個人制作\ShootingPazzle\Game\Resources\2DTexture\Utility\Particle\Circle.png
  E:\K019G1301\個人制作\ShootingPazzle\Game\Resources\2DTexture\Utility\Particle\Shine.png
  E:\K019G1301\個人制作\ShootingPazzle\Game\Resources\2DTexture\Utility\Particle\Square.png
  E:\K019G1301\個人制作\ShootingPazzle\Game\Resources\2DTexture\Utility\Particle\Triangle.png
  E:\K019G1301\個人制作\ShootingPazzle\Game\Resources\Model\BreakFloor\BreakFloor.mtl
  E:\K019G1301\個人制作\ShootingPazzle\Game\Resources\Model\BreakFloor\BreakFloor.obj
  E:\K019G1301\個人制作\ShootingPazzle\Game\Resources\Model\BreakFloor\uv.png
  E:\K019G1301\個人制作\ShootingPazzle\Game\Resources\Model\NormalFloor\NormalFloor.mtl
  E:\K019G1301\個人制作\ShootingPazzle\Game\Resources\Model\NormalFloor\NormalFloor.obj
  E:\K019G1301\個人制作\ShootingPazzle\Game\Resources\Model\NormalFloor\uv.png
  E:\K019G1301\個人制作\ShootingPazzle\Game\Resources\Model\Sky\Sky.mtl
  E:\K019G1301\個人制作\ShootingPazzle\Game\Resources\Model\Sky\Sky.obj
  E:\K019G1301\個人制作\ShootingPazzle\Game\Resources\Model\Sky\uv.png
  E:\K019G1301\個人制作\ShootingPazzle\Game\Resources\Model\SquareBlock\SquareBlock.mtl
  E:\K019G1301\個人制作\ShootingPazzle\Game\Resources\Model\SquareBlock\SquareBlock.obj
  E:\K019G1301\個人制作\ShootingPazzle\Game\Resources\Model\SquareBlock\uv.png
  E:\K019G1301\個人制作\ShootingPazzle\Game\Resources\Model\SquareBlock_Breakable_1\SquareBlock_Breakable_1.mtl
  E:\K019G1301\個人制作\ShootingPazzle\Game\Resources\Model\SquareBlock_Breakable_1\SquareBlock_Breakable_1.obj
  E:\K019G1301\個人制作\ShootingPazzle\Game\Resources\Model\SquareBlock_Breakable_1\uv.png
  E:\K019G1301\個人制作\ShootingPazzle\Game\Resources\Model\SquareBlock_Breakable_2\SquareBlock_Breakable_2.mtl
  E:\K019G1301\個人制作\ShootingPazzle\Game\Resources\Model\SquareBlock_Breakable_2\SquareBlock_Breakable_2.obj
  E:\K019G1301\個人制作\ShootingPazzle\Game\Resources\Model\SquareBlock_Breakable_2\uv.png
  E:\K019G1301\個人制作\ShootingPazzle\Game\Resources\Model\SquareBlock_Breakable_3\SquareBlock_Breakable_3.mtl
  E:\K019G1301\個人制作\ShootingPazzle\Game\Resources\Model\SquareBlock_Breakable_3\SquareBlock_Breakable_3.obj
  E:\K019G1301\個人制作\ShootingPazzle\Game\Resources\Model\SquareBlock_Breakable_3\uv.png
  E:\K019G1301\個人制作\ShootingPazzle\Game\Resources\Model\SwitchFloor_OFF\SwitchFloor_OFF.mtl
  E:\K019G1301\個人制作\ShootingPazzle\Game\Resources\Model\SwitchFloor_OFF\SwitchFloor_OFF.obj
  E:\K019G1301\個人制作\ShootingPazzle\Game\Resources\Model\SwitchFloor_OFF\uv.png
  E:\K019G1301\個人制作\ShootingPazzle\Game\Resources\Model\SwitchFloor_ON\SwitchFloor_ON.mtl
  E:\K019G1301\個人制作\ShootingPazzle\Game\Resources\Model\SwitchFloor_ON\SwitchFloor_ON.obj
  E:\K019G1301\個人制作\ShootingPazzle\Game\Resources\Model\SwitchFloor_ON\uv.png
  E:\K019G1301\個人制作\ShootingPazzle\Game\Resources\Model\TriangleBlock\TriangleBlock.mtl
  E:\K019G1301\個人制作\ShootingPazzle\Game\Resources\Model\TriangleBlock\TriangleBlock.obj
  E:\K019G1301\個人制作\ShootingPazzle\Game\Resources\Model\TriangleBlock\uv.png
  E:\K019G1301\個人制作\ShootingPazzle\Game\Resources\Model\TriangleBlock_Breakable_1\TriangleBlock_Breakable_1.mtl
  E:\K019G1301\個人制作\ShootingPazzle\Game\Resources\Model\TriangleBlock_Breakable_1\TriangleBlock_Breakable_1.obj
  E:\K019G1301\個人制作\ShootingPazzle\Game\Resources\Model\TriangleBlock_Breakable_1\uv.png
  E:\K019G1301\個人制作\ShootingPazzle\Game\Resources\Model\TriangleBlock_Breakable_2\TriangleBlock_Breakable_2.mtl
  E:\K019G1301\個人制作\ShootingPazzle\Game\Resources\Model\TriangleBlock_Breakable_2\TriangleBlock_Breakable_2.obj
  E:\K019G1301\個人制作\ShootingPazzle\Game\Resources\Model\TriangleBlock_Breakable_2\uv.png
  E:\K019G1301\個人制作\ShootingPazzle\Game\Resources\Model\TriangleBlock_Breakable_3\TriangleBlock_Breakable_3.mtl
  E:\K019G1301\個人制作\ShootingPazzle\Game\Resources\Model\TriangleBlock_Breakable_3\TriangleBlock_Breakable_3.obj
  E:\K019G1301\個人制作\ShootingPazzle\Game\Resources\Model\TriangleBlock_Breakable_3\uv.png
  E:\K019G1301\個人制作\ShootingPazzle\Game\Resources\Model\TurnFloor_Down\TurnFloor_Down.mtl
  E:\K019G1301\個人制作\ShootingPazzle\Game\Resources\Model\TurnFloor_Down\TurnFloor_Down.obj
  E:\K019G1301\個人制作\ShootingPazzle\Game\Resources\Model\TurnFloor_Down\uv.png
  E:\K019G1301\個人制作\ShootingPazzle\Game\Resources\Model\TurnFloor_Down\uv_cover.png
  E:\K019G1301\個人制作\ShootingPazzle\Game\Resources\Model\TurnFloor_Left\TurnFloor_Left.mtl
  E:\K019G1301\個人制作\ShootingPazzle\Game\Resources\Model\TurnFloor_Left\TurnFloor_Left.obj
  E:\K019G1301\個人制作\ShootingPazzle\Game\Resources\Model\TurnFloor_Left\uv.png
  E:\K019G1301\個人制作\ShootingPazzle\Game\Resources\Model\TurnFloor_Left\uv_cover.png
  E:\K019G1301\個人制作\ShootingPazzle\Game\Resources\Model\TurnFloor_Right\TurnFloor_Right.mtl
  E:\K019G1301\個人制作\ShootingPazzle\Game\Resources\Model\TurnFloor_Right\TurnFloor_Right.obj
  E:\K019G1301\個人制作\ShootingPazzle\Game\Resources\Model\TurnFloor_Right\uv.png
  E:\K019G1301\個人制作\ShootingPazzle\Game\Resources\Model\TurnFloor_Right\uv_cover.png
  E:\K019G1301\個人制作\ShootingPazzle\Game\Resources\Model\TurnFloor_Up\TurnFloor_Up.mtl
  E:\K019G1301\個人制作\ShootingPazzle\Game\Resources\Model\TurnFloor_Up\TurnFloor_Up.obj
  E:\K019G1301\個人制作\ShootingPazzle\Game\Resources\Model\TurnFloor_Up\uv.png
  E:\K019G1301\個人制作\ShootingPazzle\Game\Resources\Model\TurnFloor_Up\uv_cover.png
  E:\K019G1301\個人制作\ShootingPazzle\Game\Resources\Sound\BGM\GamePlay.wav
  E:\K019G1301\個人制作\ShootingPazzle\Game\Resources\Sound\BGM\Title.wav
  E:\K019G1301\個人制作\ShootingPazzle\Game\Resources\Sound\SE\Ascension.wav
  E:\K019G1301\個人制作\ShootingPazzle\Game\Resources\Sound\SE\BreakBlock.wav
  E:\K019G1301\個人制作\ShootingPazzle\Game\Resources\Sound\SE\BreakFloor.wav
  E:\K019G1301\個人制作\ShootingPazzle\Game\Resources\Sound\SE\ChangeColor.wav
  E:\K019G1301\個人制作\ShootingPazzle\Game\Resources\Sound\SE\Clear.wav
  E:\K019G1301\個人制作\ShootingPazzle\Game\Resources\Sound\SE\Crack.wav
  E:\K019G1301\個人制作\ShootingPazzle\Game\Resources\Sound\SE\GameStart.wav
  E:\K019G1301\個人制作\ShootingPazzle\Game\Resources\Sound\SE\PosDecide.wav
  E:\K019G1301\個人制作\ShootingPazzle\Game\Resources\Sound\SE\Reflect.wav
  E:\K019G1301\個人制作\ShootingPazzle\Game\Resources\Sound\SE\RollNumber.wav
  E:\K019G1301\個人制作\ShootingPazzle\Game\Resources\Sound\SE\Shoot.wav
  E:\K019G1301\個人制作\ShootingPazzle\Game\Resources\Sound\SE\Shooting.wav
  E:\K019G1301\個人制作\ShootingPazzle\Game\Resources\Sound\SE\StageDecide.wav
  E:\K019G1301\個人制作\ShootingPazzle\Game\Resources\Sound\SE\UI_Click.wav
  E:\K019G1301\個人制作\ShootingPazzle\Game\Resources\Sound\SE\UI_Select.wav
  E:\K019G1301\個人制作\ShootingPazzle\Game\Resources\StageData\stage_0.spb
  E:\K019G1301\個人制作\ShootingPazzle\Game\Resources\StageData\stage_1.spb
  E:\K019G1301\個人制作\ShootingPazzle\Game\Resources\StageData\stage_2.spb
  E:\K019G1301\個人制作\ShootingPazzle\Game\Resources\StageData\stage_3.spb
  E:\K019G1301\個人制作\ShootingPazzle\Game\Resources\StageData\stage_4.spb
  E:\K019G1301\個人制作\ShootingPazzle\Game\Resources\StageData\stage_5.spb
  E:\K019G1301\個人制作\ShootingPazzle\Game\Resources\System\debugfont.png
  E:\K019G1301\個人制作\ShootingPazzle\Game\Resources\System\white1x1.png
  115 個のファイルをコピーしました
  E:\K019G1301\個人制作\ShootingPazzle\Game\Shader\BasicGeometryShader.hlsl
  E:\K019G1301\個人制作\ShootingPazzle\Game\Shader\BasicPixelShader.hlsl
  E:\K019G1301\個人制作\ShootingPazzle\Game\Shader\BasicShaderHeader.hlsli
  E:\K019G1301\個人制作\ShootingPazzle\Game\Shader\BasicVertexShader.hlsl
  E:\K019G1301\個人制作\ShootingPazzle\Game\Shader\FBX.hlsli
  E:\K019G1301\個人制作\ShootingPazzle\Game\Shader\FBXPS.hlsl
  E:\K019G1301\個人制作\ShootingPazzle\Game\Shader\FBXShadowTest.hlsli
  E:\K019G1301\個人制作\ShootingPazzle\Game\Shader\FBXShadowTestVS.hlsl
  E:\K019G1301\個人制作\ShootingPazzle\Game\Shader\FBXVS.hlsl
  E:\K019G1301\個人制作\ShootingPazzle\Game\Shader\InstancingFBX.hlsli
  E:\K019G1301\個人制作\ShootingPazzle\Game\Shader\InstancingFBXPS.hlsl
  E:\K019G1301\個人制作\ShootingPazzle\Game\Shader\InstancingFBXShadowTest.hlsli
  E:\K019G1301\個人制作\ShootingPazzle\Game\Shader\InstancingFBXShadowTestVS.hlsl
  E:\K019G1301\個人制作\ShootingPazzle\Game\Shader\InstancingFBXVS.hlsl
  E:\K019G1301\個人制作\ShootingPazzle\Game\Shader\InstancingOBJ.hlsli
  E:\K019G1301\個人制作\ShootingPazzle\Game\Shader\InstancingOBJGS.hlsl
  E:\K019G1301\個人制作\ShootingPazzle\Game\Shader\InstancingOBJPS.hlsl
  E:\K019G1301\個人制作\ShootingPazzle\Game\Shader\InstancingOBJShadowTest.hlsli
  E:\K019G1301\個人制作\ShootingPazzle\Game\Shader\InstancingOBJShadowTestVS.hlsl
  E:\K019G1301\個人制作\ShootingPazzle\Game\Shader\InstancingOBJVS.hlsl
  E:\K019G1301\個人制作\ShootingPazzle\Game\Shader\Line.hlsli
  E:\K019G1301\個人制作\ShootingPazzle\Game\Shader\LinePS.hlsl
  E:\K019G1301\個人制作\ShootingPazzle\Game\Shader\LineVS.hlsl
  E:\K019G1301\個人制作\ShootingPazzle\Game\Shader\NoShadePixelShader.hlsl
  E:\K019G1301\個人制作\ShootingPazzle\Game\Shader\NoShadeShaderHeader.hlsli
  E:\K019G1301\個人制作\ShootingPazzle\Game\Shader\NoShadeVertexShader.hlsl
  E:\K019G1301\個人制作\ShootingPazzle\Game\Shader\OBJ.hlsli
  E:\K019G1301\個人制作\ShootingPazzle\Game\Shader\OBJGS.hlsl
  E:\K019G1301\個人制作\ShootingPazzle\Game\Shader\OBJPixelShader.hlsl
  E:\K019G1301\個人制作\ShootingPazzle\Game\Shader\OBJPS.hlsl
  E:\K019G1301\個人制作\ShootingPazzle\Game\Shader\OBJShaderHeader.hlsli
  E:\K019G1301\個人制作\ShootingPazzle\Game\Shader\OBJShadowTest.hlsli
  E:\K019G1301\個人制作\ShootingPazzle\Game\Shader\OBJShadowTestVS.hlsl
  E:\K019G1301\個人制作\ShootingPazzle\Game\Shader\OBJVertexShader.hlsl
  E:\K019G1301\個人制作\ShootingPazzle\Game\Shader\OBJVS.hlsl
  E:\K019G1301\個人制作\ShootingPazzle\Game\Shader\Particle.hlsli
  E:\K019G1301\個人制作\ShootingPazzle\Game\Shader\Particle2D.hlsli
  E:\K019G1301\個人制作\ShootingPazzle\Game\Shader\Particle2DGS.hlsl
  E:\K019G1301\個人制作\ShootingPazzle\Game\Shader\Particle2DPS.hlsl
  E:\K019G1301\個人制作\ShootingPazzle\Game\Shader\Particle2DVS.hlsl
  E:\K019G1301\個人制作\ShootingPazzle\Game\Shader\Particle3D.hlsli
  E:\K019G1301\個人制作\ShootingPazzle\Game\Shader\Particle3DGS.hlsl
  E:\K019G1301\個人制作\ShootingPazzle\Game\Shader\Particle3DPS.hlsl
  E:\K019G1301\個人制作\ShootingPazzle\Game\Shader\Particle3DVS.hlsl
  E:\K019G1301\個人制作\ShootingPazzle\Game\Shader\ParticleGS.hlsl
  E:\K019G1301\個人制作\ShootingPazzle\Game\Shader\ParticlePS.hlsl
  E:\K019G1301\個人制作\ShootingPazzle\Game\Shader\ParticleVS.hlsl
  E:\K019G1301\個人制作\ShootingPazzle\Game\Shader\PostEffectTest.hlsli
  E:\K019G1301\個人制作\ShootingPazzle\Game\Shader\PostEffectTestPS.hlsl
  E:\K019G1301\個人制作\ShootingPazzle\Game\Shader\PostEffectTestVS.hlsl
  E:\K019G1301\個人制作\ShootingPazzle\Game\Shader\ShadowTest.hlsli
  E:\K019G1301\個人制作\ShootingPazzle\Game\Shader\ShadowTestPS.hlsl
  E:\K019G1301\個人制作\ShootingPazzle\Game\Shader\ShadowTestVS.hlsl
  E:\K019G1301\個人制作\ShootingPazzle\Game\Shader\SpritePixelShader.hlsl
  E:\K019G1301\個人制作\ShootingPazzle\Game\Shader\SpriteShaderHeader.hlsli
  E:\K019G1301\個人制作\ShootingPazzle\Game\Shader\SpriteVertexShader.hlsl
  E:\K019G1301\個人制作\ShootingPazzle\Game\Shader\TextPixelShader.hlsl
  E:\K019G1301\個人制作\ShootingPazzle\Game\Shader\TextShaderHeader.hlsli
  E:\K019G1301\個人制作\ShootingPazzle\Game\Shader\TextVertexShader.hlsl
  59 個のファイルをコピーしました
  E:\K019G1301\個人制作\ShootingPazzle\x64\Debug\Game.exe
  1 個のファイルをコピーしました
