e:\k019g1301\個人制作\shootingpazzle\stageeditor\x64\debug\vc142.pdb
e:\k019g1301\個人制作\shootingpazzle\stageeditor\x64\debug\vc142.idb
e:\k019g1301\個人制作\shootingpazzle\stageeditor\x64\debug\startlane.obj
e:\k019g1301\個人制作\shootingpazzle\stageeditor\x64\debug\editorstage.obj
e:\k019g1301\個人制作\shootingpazzle\stageeditor\x64\debug\main.obj
e:\k019g1301\個人制作\shootingpazzle\stageeditor\x64\debug\editor.obj
e:\k019g1301\個人制作\shootingpazzle\stageeditor\x64\debug\triangleblock.obj
e:\k019g1301\個人制作\shootingpazzle\stageeditor\x64\debug\squareblock.obj
e:\k019g1301\個人制作\shootingpazzle\stageeditor\x64\debug\mybullet.obj
e:\k019g1301\個人制作\shootingpazzle\stageeditor\x64\debug\gameutility.obj
e:\k019g1301\個人制作\shootingpazzle\stageeditor\x64\debug\floor.obj
e:\k019g1301\個人制作\shootingpazzle\stageeditor\x64\debug\block.obj
e:\k019g1301\個人制作\shootingpazzle\x64\debug\stageeditor.exe
e:\k019g1301\個人制作\shootingpazzle\stageeditor\x64\debug\stageeditor.ilk
e:\k019g1301\個人制作\shootingpazzle\x64\debug\stageeditor.pdb
e:\k019g1301\個人制作\shootingpazzle\stageeditor\x64\debug\stageeditor.tlog\cl.command.1.tlog
e:\k019g1301\個人制作\shootingpazzle\stageeditor\x64\debug\stageeditor.tlog\cl.read.1.tlog
e:\k019g1301\個人制作\shootingpazzle\stageeditor\x64\debug\stageeditor.tlog\cl.write.1.tlog
e:\k019g1301\個人制作\shootingpazzle\stageeditor\x64\debug\stageeditor.tlog\link.command.1.tlog
e:\k019g1301\個人制作\shootingpazzle\stageeditor\x64\debug\stageeditor.tlog\link.read.1.tlog
e:\k019g1301\個人制作\shootingpazzle\stageeditor\x64\debug\stageeditor.tlog\link.write.1.tlog
