  E:\K019G1301\個人制作\ShootingPazzle\DX12Library\Shader\BasicGeometryShader.hlsl
  E:\K019G1301\個人制作\ShootingPazzle\DX12Library\Shader\BasicPixelShader.hlsl
  E:\K019G1301\個人制作\ShootingPazzle\DX12Library\Shader\BasicShaderHeader.hlsli
  E:\K019G1301\個人制作\ShootingPazzle\DX12Library\Shader\BasicVertexShader.hlsl
  E:\K019G1301\個人制作\ShootingPazzle\DX12Library\Shader\FBX.hlsli
  E:\K019G1301\個人制作\ShootingPazzle\DX12Library\Shader\FBXPS.hlsl
  E:\K019G1301\個人制作\ShootingPazzle\DX12Library\Shader\FBXShadowTest.hlsli
  E:\K019G1301\個人制作\ShootingPazzle\DX12Library\Shader\FBXShadowTestVS.hlsl
  E:\K019G1301\個人制作\ShootingPazzle\DX12Library\Shader\FBXVS.hlsl
  E:\K019G1301\個人制作\ShootingPazzle\DX12Library\Shader\InstancingFBX.hlsli
  E:\K019G1301\個人制作\ShootingPazzle\DX12Library\Shader\InstancingFBXPS.hlsl
  E:\K019G1301\個人制作\ShootingPazzle\DX12Library\Shader\InstancingFBXShadowTest.hlsli
  E:\K019G1301\個人制作\ShootingPazzle\DX12Library\Shader\InstancingFBXShadowTestVS.hlsl
  E:\K019G1301\個人制作\ShootingPazzle\DX12Library\Shader\InstancingFBXVS.hlsl
  E:\K019G1301\個人制作\ShootingPazzle\DX12Library\Shader\InstancingOBJ.hlsli
  E:\K019G1301\個人制作\ShootingPazzle\DX12Library\Shader\InstancingOBJGS.hlsl
  E:\K019G1301\個人制作\ShootingPazzle\DX12Library\Shader\InstancingOBJPS.hlsl
  E:\K019G1301\個人制作\ShootingPazzle\DX12Library\Shader\InstancingOBJShadowTest.hlsli
  E:\K019G1301\個人制作\ShootingPazzle\DX12Library\Shader\InstancingOBJShadowTestVS.hlsl
  E:\K019G1301\個人制作\ShootingPazzle\DX12Library\Shader\InstancingOBJVS.hlsl
  E:\K019G1301\個人制作\ShootingPazzle\DX12Library\Shader\NoShadePixelShader.hlsl
  E:\K019G1301\個人制作\ShootingPazzle\DX12Library\Shader\NoShadeShaderHeader.hlsli
  E:\K019G1301\個人制作\ShootingPazzle\DX12Library\Shader\NoShadeVertexShader.hlsl
  E:\K019G1301\個人制作\ShootingPazzle\DX12Library\Shader\OBJ.hlsli
  E:\K019G1301\個人制作\ShootingPazzle\DX12Library\Shader\OBJGS.hlsl
  E:\K019G1301\個人制作\ShootingPazzle\DX12Library\Shader\OBJPS.hlsl
  E:\K019G1301\個人制作\ShootingPazzle\DX12Library\Shader\OBJShadowTest.hlsli
  E:\K019G1301\個人制作\ShootingPazzle\DX12Library\Shader\OBJShadowTestVS.hlsl
  E:\K019G1301\個人制作\ShootingPazzle\DX12Library\Shader\OBJVS.hlsl
  E:\K019G1301\個人制作\ShootingPazzle\DX12Library\Shader\Particle2D.hlsli
  E:\K019G1301\個人制作\ShootingPazzle\DX12Library\Shader\Particle2DGS.hlsl
  E:\K019G1301\個人制作\ShootingPazzle\DX12Library\Shader\Particle2DPS.hlsl
  E:\K019G1301\個人制作\ShootingPazzle\DX12Library\Shader\Particle2DVS.hlsl
  E:\K019G1301\個人制作\ShootingPazzle\DX12Library\Shader\Particle3D.hlsli
  E:\K019G1301\個人制作\ShootingPazzle\DX12Library\Shader\Particle3DGS.hlsl
  E:\K019G1301\個人制作\ShootingPazzle\DX12Library\Shader\Particle3DPS.hlsl
  E:\K019G1301\個人制作\ShootingPazzle\DX12Library\Shader\Particle3DVS.hlsl
  E:\K019G1301\個人制作\ShootingPazzle\DX12Library\Shader\PostEffectTest.hlsli
  E:\K019G1301\個人制作\ShootingPazzle\DX12Library\Shader\PostEffectTestPS.hlsl
  E:\K019G1301\個人制作\ShootingPazzle\DX12Library\Shader\PostEffectTestVS.hlsl
  E:\K019G1301\個人制作\ShootingPazzle\DX12Library\Shader\SpritePixelShader.hlsl
  E:\K019G1301\個人制作\ShootingPazzle\DX12Library\Shader\SpriteShaderHeader.hlsli
  E:\K019G1301\個人制作\ShootingPazzle\DX12Library\Shader\SpriteVertexShader.hlsl
  E:\K019G1301\個人制作\ShootingPazzle\DX12Library\Shader\TextPixelShader.hlsl
  E:\K019G1301\個人制作\ShootingPazzle\DX12Library\Shader\TextShaderHeader.hlsli
  E:\K019G1301\個人制作\ShootingPazzle\DX12Library\Shader\TextVertexShader.hlsl
  46 個のファイルをコピーしました
C:\Program Files (x86)\Microsoft Visual Studio\2019\Community\MSBuild\Microsoft\VC\v160\Microsoft.CppBuild.targets(513,5): warning MSB8028: 中間ディレクトリ (x64\Debug\) に別のプロジェクト (Project1.vcxproj) と共有されているファイルが含まれています。これにより、クリーンしてリビルド動作が適切に行われない可能性があります。
  BaseBlock.cpp
  C:\Program Files (x86)\Windows Kits\10\Include\10.0.19041.0\um\dinput.h: DIRECTINPUT_VERSION undefined. Defaulting to version 0x0800
E:\K019G1301\個人制作\ShootingPazzle\DX12Library\Header\Easing.h(9,1): warning C4005: 'PI': マクロが再定義されました。
E:\K019G1301\個人制作\ShootingPazzle\Game\GameUtility.h(7): message : 'PI' の以前の定義を確認してください
E:\K019G1301\個人制作\ShootingPazzle\Game\BaseBlock.cpp(55,13): warning C4244: '初期化中': 'double' から 'float' への変換です。データが失われる可能性があります。
E:\K019G1301\個人制作\ShootingPazzle\Game\BaseBlock.cpp(100,29): warning C4244: '=': 'double' から 'float' への変換です。データが失われる可能性があります。
E:\K019G1301\個人制作\ShootingPazzle\Game\BaseBlock.cpp(101,29): warning C4244: '=': 'double' から 'float' への変換です。データが失われる可能性があります。
E:\K019G1301\個人制作\ShootingPazzle\Game\BaseBlock.cpp(102,29): warning C4244: '=': 'double' から 'float' への変換です。データが失われる可能性があります。
E:\K019G1301\個人制作\ShootingPazzle\Game\BaseBlock.cpp(107,29): warning C4244: '=': 'double' から 'float' への変換です。データが失われる可能性があります。
E:\K019G1301\個人制作\ShootingPazzle\Game\BaseBlock.cpp(108,29): warning C4244: '=': 'double' から 'float' への変換です。データが失われる可能性があります。
E:\K019G1301\個人制作\ShootingPazzle\Game\BaseBlock.cpp(109,29): warning C4244: '=': 'double' から 'float' への変換です。データが失われる可能性があります。
E:\K019G1301\個人制作\ShootingPazzle\Game\BaseBlock.cpp(110,29): warning C4244: '=': 'double' から 'float' への変換です。データが失われる可能性があります。
E:\K019G1301\個人制作\ShootingPazzle\Game\BaseBlock.cpp(117,29): warning C4244: '=': 'double' から 'float' への変換です。データが失われる可能性があります。
E:\K019G1301\個人制作\ShootingPazzle\Game\BaseBlock.cpp(118,29): warning C4244: '=': 'double' から 'float' への変換です。データが失われる可能性があります。
E:\K019G1301\個人制作\ShootingPazzle\Game\BaseBlock.cpp(119,29): warning C4244: '=': 'double' から 'float' への変換です。データが失われる可能性があります。
E:\K019G1301\個人制作\ShootingPazzle\Game\BaseBlock.cpp(120,29): warning C4244: '=': 'double' から 'float' への変換です。データが失われる可能性があります。
E:\K019G1301\個人制作\ShootingPazzle\Game\BaseBlock.cpp(124,29): warning C4244: '=': 'double' から 'float' への変換です。データが失われる可能性があります。
E:\K019G1301\個人制作\ShootingPazzle\Game\BaseBlock.cpp(125,29): warning C4244: '=': 'double' から 'float' への変換です。データが失われる可能性があります。
E:\K019G1301\個人制作\ShootingPazzle\Game\BaseBlock.cpp(126,29): warning C4244: '=': 'double' から 'float' への変換です。データが失われる可能性があります。
  StageEditor.vcxproj -> E:\K019G1301\個人制作\ShootingPazzle\x64\Debug\StageEditor.exe
  E:\K019G1301\個人制作\ShootingPazzle\StageEditor\Resources\Arrow.png
  E:\K019G1301\個人制作\ShootingPazzle\StageEditor\Resources\Attention.png
  E:\K019G1301\個人制作\ShootingPazzle\StageEditor\Resources\Background.png
  E:\K019G1301\個人制作\ShootingPazzle\StageEditor\Resources\Black1280x720.png
  E:\K019G1301\個人制作\ShootingPazzle\StageEditor\Resources\Floor.png
  E:\K019G1301\個人制作\ShootingPazzle\StageEditor\Resources\Game_PopUp.png
  E:\K019G1301\個人制作\ShootingPazzle\StageEditor\Resources\grid.png
  E:\K019G1301\個人制作\ShootingPazzle\StageEditor\Resources\Stage_BG.png
  E:\K019G1301\個人制作\ShootingPazzle\StageEditor\Resources\Text_Clear.png
  E:\K019G1301\個人制作\ShootingPazzle\StageEditor\Resources\Text_ClearTime.png
  E:\K019G1301\個人制作\ShootingPazzle\StageEditor\Resources\Text_Stage.png
  E:\K019G1301\個人制作\ShootingPazzle\StageEditor\Resources\Text_TimeNumber.png
  E:\K019G1301\個人制作\ShootingPazzle\StageEditor\Resources\White1280x720.png
  E:\K019G1301\個人制作\ShootingPazzle\StageEditor\Resources\Model\BreakFloor\BreakFloor.mtl
  E:\K019G1301\個人制作\ShootingPazzle\StageEditor\Resources\Model\BreakFloor\BreakFloor.obj
  E:\K019G1301\個人制作\ShootingPazzle\StageEditor\Resources\Model\BreakFloor\uv.png
  E:\K019G1301\個人制作\ShootingPazzle\StageEditor\Resources\Model\BreakFloor\_uv.png
  E:\K019G1301\個人制作\ShootingPazzle\StageEditor\Resources\Model\NeedleBlock\NeedleBlock.mtl
  E:\K019G1301\個人制作\ShootingPazzle\StageEditor\Resources\Model\NeedleBlock\NeedleBlock.obj
  E:\K019G1301\個人制作\ShootingPazzle\StageEditor\Resources\Model\NeedleBlock\uv.png
  E:\K019G1301\個人制作\ShootingPazzle\StageEditor\Resources\Model\NormalFloor\NormalFloor.mtl
  E:\K019G1301\個人制作\ShootingPazzle\StageEditor\Resources\Model\NormalFloor\NormalFloor.obj
  E:\K019G1301\個人制作\ShootingPazzle\StageEditor\Resources\Model\NormalFloor\uv.png
  E:\K019G1301\個人制作\ShootingPazzle\StageEditor\Resources\Model\Sky\game_bg.png
  E:\K019G1301\個人制作\ShootingPazzle\StageEditor\Resources\Model\Sky\Sky.mtl
  E:\K019G1301\個人制作\ShootingPazzle\StageEditor\Resources\Model\Sky\Sky.obj
  E:\K019G1301\個人制作\ShootingPazzle\StageEditor\Resources\Model\Sky\snap.png
  E:\K019G1301\個人制作\ShootingPazzle\StageEditor\Resources\Model\Sky\uv.png
  E:\K019G1301\個人制作\ShootingPazzle\StageEditor\Resources\Model\SquareBlock\SquareBlock.mtl
  E:\K019G1301\個人制作\ShootingPazzle\StageEditor\Resources\Model\SquareBlock\SquareBlock.obj
  E:\K019G1301\個人制作\ShootingPazzle\StageEditor\Resources\Model\SquareBlock\uv.png
  E:\K019G1301\個人制作\ShootingPazzle\StageEditor\Resources\Model\SquareBlock_Breakable_1\SquareBlock_Breakable_1.mtl
  E:\K019G1301\個人制作\ShootingPazzle\StageEditor\Resources\Model\SquareBlock_Breakable_1\SquareBlock_Breakable_1.obj
  E:\K019G1301\個人制作\ShootingPazzle\StageEditor\Resources\Model\SquareBlock_Breakable_1\uv.png
  E:\K019G1301\個人制作\ShootingPazzle\StageEditor\Resources\Model\SquareBlock_Breakable_2\SquareBlock_Breakable_2.mtl
  E:\K019G1301\個人制作\ShootingPazzle\StageEditor\Resources\Model\SquareBlock_Breakable_2\SquareBlock_Breakable_2.obj
  E:\K019G1301\個人制作\ShootingPazzle\StageEditor\Resources\Model\SquareBlock_Breakable_2\uv.png
  E:\K019G1301\個人制作\ShootingPazzle\StageEditor\Resources\Model\SquareBlock_Breakable_3\SquareBlock_Breakable_3.mtl
  E:\K019G1301\個人制作\ShootingPazzle\StageEditor\Resources\Model\SquareBlock_Breakable_3\SquareBlock_Breakable_3.obj
  E:\K019G1301\個人制作\ShootingPazzle\StageEditor\Resources\Model\SquareBlock_Breakable_3\uv.png
  E:\K019G1301\個人制作\ShootingPazzle\StageEditor\Resources\Model\SwitchFloor_OFF\SwitchFloor_OFF.mtl
  E:\K019G1301\個人制作\ShootingPazzle\StageEditor\Resources\Model\SwitchFloor_OFF\SwitchFloor_OFF.obj
  E:\K019G1301\個人制作\ShootingPazzle\StageEditor\Resources\Model\SwitchFloor_OFF\uv.png
  E:\K019G1301\個人制作\ShootingPazzle\StageEditor\Resources\Model\SwitchFloor_ON\SwitchFloor_ON.mtl
  E:\K019G1301\個人制作\ShootingPazzle\StageEditor\Resources\Model\SwitchFloor_ON\SwitchFloor_ON.obj
  E:\K019G1301\個人制作\ShootingPazzle\StageEditor\Resources\Model\SwitchFloor_ON\uv.png
  E:\K019G1301\個人制作\ShootingPazzle\StageEditor\Resources\Model\TriangleBlock\TriangleBlock.mtl
  E:\K019G1301\個人制作\ShootingPazzle\StageEditor\Resources\Model\TriangleBlock\TriangleBlock.obj
  E:\K019G1301\個人制作\ShootingPazzle\StageEditor\Resources\Model\TriangleBlock\uv.png
  E:\K019G1301\個人制作\ShootingPazzle\StageEditor\Resources\Model\TriangleBlock_Breakable_1\TriangleBlock_Breakable_1.mtl
  E:\K019G1301\個人制作\ShootingPazzle\StageEditor\Resources\Model\TriangleBlock_Breakable_1\TriangleBlock_Breakable_1.obj
  E:\K019G1301\個人制作\ShootingPazzle\StageEditor\Resources\Model\TriangleBlock_Breakable_1\uv.png
  E:\K019G1301\個人制作\ShootingPazzle\StageEditor\Resources\Model\TriangleBlock_Breakable_2\TriangleBlock_Breakable_2.mtl
  E:\K019G1301\個人制作\ShootingPazzle\StageEditor\Resources\Model\TriangleBlock_Breakable_2\TriangleBlock_Breakable_2.obj
  E:\K019G1301\個人制作\ShootingPazzle\StageEditor\Resources\Model\TriangleBlock_Breakable_2\uv.png
  E:\K019G1301\個人制作\ShootingPazzle\StageEditor\Resources\Model\TriangleBlock_Breakable_3\TriangleBlock_Breakable_3.mtl
  E:\K019G1301\個人制作\ShootingPazzle\StageEditor\Resources\Model\TriangleBlock_Breakable_3\TriangleBlock_Breakable_3.obj
  E:\K019G1301\個人制作\ShootingPazzle\StageEditor\Resources\Model\TriangleBlock_Breakable_3\uv.png
  E:\K019G1301\個人制作\ShootingPazzle\StageEditor\Resources\Model\TurnFloor_Down\TurnFloor_Down.mtl
  E:\K019G1301\個人制作\ShootingPazzle\StageEditor\Resources\Model\TurnFloor_Down\TurnFloor_Down.obj
  E:\K019G1301\個人制作\ShootingPazzle\StageEditor\Resources\Model\TurnFloor_Down\uv.png
  E:\K019G1301\個人制作\ShootingPazzle\StageEditor\Resources\Model\TurnFloor_Down\uv_cover.png
  E:\K019G1301\個人制作\ShootingPazzle\StageEditor\Resources\Model\TurnFloor_Down\_uv.png
  E:\K019G1301\個人制作\ShootingPazzle\StageEditor\Resources\Model\TurnFloor_Left\TurnFloor_Left.mtl
  E:\K019G1301\個人制作\ShootingPazzle\StageEditor\Resources\Model\TurnFloor_Left\TurnFloor_Left.obj
  E:\K019G1301\個人制作\ShootingPazzle\StageEditor\Resources\Model\TurnFloor_Left\uv.png
  E:\K019G1301\個人制作\ShootingPazzle\StageEditor\Resources\Model\TurnFloor_Left\uv_cover.png
  E:\K019G1301\個人制作\ShootingPazzle\StageEditor\Resources\Model\TurnFloor_Left\_uv.png
  E:\K019G1301\個人制作\ShootingPazzle\StageEditor\Resources\Model\TurnFloor_Right\TurnFloor_Right.mtl
  E:\K019G1301\個人制作\ShootingPazzle\StageEditor\Resources\Model\TurnFloor_Right\TurnFloor_Right.obj
  E:\K019G1301\個人制作\ShootingPazzle\StageEditor\Resources\Model\TurnFloor_Right\uv.png
  E:\K019G1301\個人制作\ShootingPazzle\StageEditor\Resources\Model\TurnFloor_Right\uv_cover.png
  E:\K019G1301\個人制作\ShootingPazzle\StageEditor\Resources\Model\TurnFloor_Right\_uv.png
  E:\K019G1301\個人制作\ShootingPazzle\StageEditor\Resources\Model\TurnFloor_Up\TurnFloor_Up.mtl
  E:\K019G1301\個人制作\ShootingPazzle\StageEditor\Resources\Model\TurnFloor_Up\TurnFloor_Up.obj
  E:\K019G1301\個人制作\ShootingPazzle\StageEditor\Resources\Model\TurnFloor_Up\uv.png
  E:\K019G1301\個人制作\ShootingPazzle\StageEditor\Resources\Model\TurnFloor_Up\uv_cover.png
  E:\K019G1301\個人制作\ShootingPazzle\StageEditor\Resources\Model\TurnFloor_Up\_uv.png
  E:\K019G1301\個人制作\ShootingPazzle\StageEditor\Resources\Particle\Break.png
  E:\K019G1301\個人制作\ShootingPazzle\StageEditor\Resources\Particle\Shine.png
  E:\K019G1301\個人制作\ShootingPazzle\StageEditor\Resources\Particle\Square.png
  E:\K019G1301\個人制作\ShootingPazzle\StageEditor\Resources\Particle\Triangle.png
  E:\K019G1301\個人制作\ShootingPazzle\StageEditor\Resources\Sound\SE\Break.wav
  E:\K019G1301\個人制作\ShootingPazzle\StageEditor\Resources\Sound\SE\ChangeColor.wav
  E:\K019G1301\個人制作\ShootingPazzle\StageEditor\Resources\Sound\SE\Crack.wav
  E:\K019G1301\個人制作\ShootingPazzle\StageEditor\Resources\Sound\SE\Reflect.wav
  E:\K019G1301\個人制作\ShootingPazzle\StageEditor\Resources\Sound\SE\Shoot.wav
  E:\K019G1301\個人制作\ShootingPazzle\StageEditor\Resources\Sound\SE\Shooting.wav
  E:\K019G1301\個人制作\ShootingPazzle\StageEditor\Resources\Sound\SE\Start.wav
  E:\K019G1301\個人制作\ShootingPazzle\StageEditor\Resources\Sound\SE\UI_Decide.wav
  E:\K019G1301\個人制作\ShootingPazzle\StageEditor\Resources\Sound\SE\UI_Select.wav
  E:\K019G1301\個人制作\ShootingPazzle\StageEditor\Resources\System\debugfont.png
  E:\K019G1301\個人制作\ShootingPazzle\StageEditor\Resources\System\white1x1.png
  E:\K019G1301\個人制作\ShootingPazzle\StageEditor\Resources\Title\Text_Click.png
  E:\K019G1301\個人制作\ShootingPazzle\StageEditor\Resources\Title\Text_Title.png
  E:\K019G1301\個人制作\ShootingPazzle\StageEditor\Resources\Tutorial\Mouse.png
  E:\K019G1301\個人制作\ShootingPazzle\StageEditor\Resources\Tutorial\MouseCover.png
  E:\K019G1301\個人制作\ShootingPazzle\StageEditor\Resources\Tutorial\Popup.png
  E:\K019G1301\個人制作\ShootingPazzle\StageEditor\Resources\Tutorial\Sphere.png
  E:\K019G1301\個人制作\ShootingPazzle\StageEditor\Resources\Tutorial\Text.png
  E:\K019G1301\個人制作\ShootingPazzle\StageEditor\Resources\UI\UI_Arrow_Back.png
  E:\K019G1301\個人制作\ShootingPazzle\StageEditor\Resources\UI\UI_Arrow_Down.png
  E:\K019G1301\個人制作\ShootingPazzle\StageEditor\Resources\UI\UI_Arrow_Reset.png
  E:\K019G1301\個人制作\ShootingPazzle\StageEditor\Resources\UI\UI_Arrow_Up.png
  E:\K019G1301\個人制作\ShootingPazzle\StageEditor\Resources\UI\UI_No.png
  E:\K019G1301\個人制作\ShootingPazzle\StageEditor\Resources\UI\UI_Number.png
  E:\K019G1301\個人制作\ShootingPazzle\StageEditor\Resources\UI\UI_OK.png
  E:\K019G1301\個人制作\ShootingPazzle\StageEditor\Resources\UI\UI_RemainingBlock.png
  E:\K019G1301\個人制作\ShootingPazzle\StageEditor\Resources\UI\UI_Start.png
  E:\K019G1301\個人制作\ShootingPazzle\StageEditor\Resources\UI\UI_Yes.png
  110 個のファイルをコピーしました
  E:\K019G1301\個人制作\ShootingPazzle\x64\Debug\StageEditor.exe
  1 個のファイルをコピーしました
