e:\k019g1301\ライブラリ\x64\debug\dx12library.pdb
e:\k019g1301\ライブラリ\x64\debug\dx12library.idb
e:\k019g1301\ライブラリ\dx12library\x64\debug\objmodel.obj
e:\k019g1301\ライブラリ\dx12library\x64\debug\fbxmodel.obj
e:\k019g1301\ライブラリ\dx12library\x64\debug\fbxloader.obj
e:\k019g1301\ライブラリ\dx12library\x64\debug\meshcollider.obj
e:\k019g1301\ライブラリ\dx12library\x64\debug\line3d.obj
e:\k019g1301\ライブラリ\dx12library\x64\debug\light.obj
e:\k019g1301\ライブラリ\dx12library\x64\debug\instancingobject.obj
e:\k019g1301\ライブラリ\dx12library\x64\debug\collisionprimitive.obj
e:\k019g1301\ライブラリ\dx12library\x64\debug\collisionmanager.obj
e:\k019g1301\ライブラリ\dx12library\x64\debug\collision.obj
e:\k019g1301\ライブラリ\dx12library\x64\debug\camera.obj
e:\k019g1301\ライブラリ\dx12library\x64\debug\aabbcollider.obj
e:\k019g1301\ライブラリ\dx12library\x64\debug\sprite.obj
e:\k019g1301\ライブラリ\dx12library\x64\debug\imgui_widgets.obj
e:\k019g1301\ライブラリ\dx12library\x64\debug\imgui_tables.obj
e:\k019g1301\ライブラリ\dx12library\x64\debug\imgui_impl_win32.obj
e:\k019g1301\ライブラリ\dx12library\x64\debug\imgui_impl_dx12.obj
e:\k019g1301\ライブラリ\dx12library\x64\debug\imgui_draw.obj
e:\k019g1301\ライブラリ\dx12library\x64\debug\imgui_demo.obj
e:\k019g1301\ライブラリ\dx12library\x64\debug\imgui.obj
e:\k019g1301\ライブラリ\dx12library\x64\debug\drawmanager.obj
e:\k019g1301\ライブラリ\dx12library\x64\debug\debugtext.obj
e:\k019g1301\ライブラリ\dx12library\x64\debug\archive.obj
e:\k019g1301\ライブラリ\dx12library\x64\debug\rendertext.obj
e:\k019g1301\ライブラリ\dx12library\x64\debug\sound.obj
e:\k019g1301\ライブラリ\dx12library\x64\debug\scenemanager.obj
e:\k019g1301\ライブラリ\dx12library\x64\debug\vector4.obj
e:\k019g1301\ライブラリ\dx12library\x64\debug\vector3.obj
e:\k019g1301\ライブラリ\dx12library\x64\debug\vector2.obj
e:\k019g1301\ライブラリ\dx12library\x64\debug\quaternion.obj
e:\k019g1301\ライブラリ\dx12library\x64\debug\matrix4.obj
e:\k019g1301\ライブラリ\dx12library\x64\debug\input.obj
e:\k019g1301\ライブラリ\dx12library\x64\debug\posteffect.obj
e:\k019g1301\ライブラリ\dx12library\x64\debug\particlemanager.obj
e:\k019g1301\ライブラリ\dx12library\x64\debug\particle3d.obj
e:\k019g1301\ライブラリ\dx12library\x64\debug\particle2d.obj
e:\k019g1301\ライブラリ\dx12library\x64\debug\dx12util.obj
e:\k019g1301\ライブラリ\dx12library\x64\debug\touchableobject.obj
e:\k019g1301\ライブラリ\dx12library\x64\debug\spherecollider.obj
e:\k019g1301\ライブラリ\dx12library\x64\debug\object3d.obj
e:\k019g1301\ライブラリ\dx12library\x64\debug\timer.obj
e:\k019g1301\ライブラリ\dx12library\x64\debug\imguihelper.obj
e:\k019g1301\ライブラリ\dx12library\x64\debug\fpsmanager.obj
e:\k019g1301\ライブラリ\dx12library\x64\debug\easing.obj
e:\k019g1301\ライブラリ\x64\debug\basicgeometryshader.cso
e:\k019g1301\ライブラリ\x64\debug\basicpixelshader.cso
e:\k019g1301\ライブラリ\x64\debug\basicvertexshader.cso
e:\k019g1301\ライブラリ\x64\debug\fbxps.cso
e:\k019g1301\ライブラリ\x64\debug\fbxshadowtestvs.cso
e:\k019g1301\ライブラリ\x64\debug\fbxvs.cso
e:\k019g1301\ライブラリ\x64\debug\instancingfbxps.cso
e:\k019g1301\ライブラリ\x64\debug\instancingfbxshadowtestvs.cso
e:\k019g1301\ライブラリ\x64\debug\instancingfbxvs.cso
e:\k019g1301\ライブラリ\x64\debug\instancingobjgs.cso
e:\k019g1301\ライブラリ\x64\debug\instancingobjps.cso
e:\k019g1301\ライブラリ\x64\debug\instancingobjshadowtestvs.cso
e:\k019g1301\ライブラリ\x64\debug\instancingobjvs.cso
e:\k019g1301\ライブラリ\x64\debug\lineps.cso
e:\k019g1301\ライブラリ\x64\debug\linevs.cso
e:\k019g1301\ライブラリ\x64\debug\noshadepixelshader.cso
e:\k019g1301\ライブラリ\x64\debug\noshadevertexshader.cso
e:\k019g1301\ライブラリ\x64\debug\objgs.cso
e:\k019g1301\ライブラリ\x64\debug\objps.cso
e:\k019g1301\ライブラリ\x64\debug\objshadowtestvs.cso
e:\k019g1301\ライブラリ\x64\debug\objvs.cso
e:\k019g1301\ライブラリ\x64\debug\particle2dgs.cso
e:\k019g1301\ライブラリ\x64\debug\particle2dps.cso
e:\k019g1301\ライブラリ\x64\debug\particle2dvs.cso
e:\k019g1301\ライブラリ\x64\debug\particle3dgs.cso
e:\k019g1301\ライブラリ\x64\debug\particle3dps.cso
e:\k019g1301\ライブラリ\x64\debug\particle3dvs.cso
e:\k019g1301\ライブラリ\x64\debug\posteffecttestps.cso
e:\k019g1301\ライブラリ\x64\debug\posteffecttestvs.cso
e:\k019g1301\ライブラリ\x64\debug\spritepixelshader.cso
e:\k019g1301\ライブラリ\x64\debug\spritevertexshader.cso
e:\k019g1301\ライブラリ\x64\debug\textpixelshader.cso
e:\k019g1301\ライブラリ\x64\debug\textvertexshader.cso
e:\k019g1301\ライブラリ\x64\debug\dx12library.lib
e:\k019g1301\ライブラリ\dx12library\x64\debug\dx12library.tlog\cl.command.1.tlog
e:\k019g1301\ライブラリ\dx12library\x64\debug\dx12library.tlog\cl.read.1.tlog
e:\k019g1301\ライブラリ\dx12library\x64\debug\dx12library.tlog\cl.write.1.tlog
e:\k019g1301\ライブラリ\dx12library\x64\debug\dx12library.tlog\fxc.command.1.tlog
e:\k019g1301\ライブラリ\dx12library\x64\debug\dx12library.tlog\fxc.read.1.tlog
e:\k019g1301\ライブラリ\dx12library\x64\debug\dx12library.tlog\fxc.write.1.tlog
e:\k019g1301\ライブラリ\dx12library\x64\debug\dx12library.tlog\lib-link.read.1.tlog
e:\k019g1301\ライブラリ\dx12library\x64\debug\dx12library.tlog\lib-link.write.1.tlog
e:\k019g1301\ライブラリ\dx12library\x64\debug\dx12library.tlog\lib.command.1.tlog
