C:\Program Files (x86)\Microsoft Visual Studio\2019\Community\MSBuild\Microsoft\VC\v160\Microsoft.CppBuild.targets(513,5): warning MSB8028: 中間ディレクトリ (x64\Debug\) に別のプロジェクト (Project1.vcxproj) と共有されているファイルが含まれています。これにより、クリーンしてリビルド動作が適切に行われない可能性があります。
  Easing.cpp
E:\K019G1301\個人制作\ShootingPazzle\DX12Library\Source\Utility\Easing.cpp(368): warning C4715: 'Easing::GetFuncName': 値を返さないコントロール パスがあります。
E:\K019G1301\個人制作\ShootingPazzle\DX12Library\Source\Utility\Easing.cpp(270): warning C4172: ローカル変数またはテンポラリのアドレスを返します
E:\K019G1301\個人制作\ShootingPazzle\DX12Library\Source\Utility\Easing.cpp(275): warning C4172: ローカル変数またはテンポラリのアドレスを返します
E:\K019G1301\個人制作\ShootingPazzle\DX12Library\Source\Utility\Easing.cpp(278): warning C4172: ローカル変数またはテンポラリのアドレスを返します
E:\K019G1301\個人制作\ShootingPazzle\DX12Library\Source\Utility\Easing.cpp(281): warning C4172: ローカル変数またはテンポラリのアドレスを返します
E:\K019G1301\個人制作\ShootingPazzle\DX12Library\Source\Utility\Easing.cpp(284): warning C4172: ローカル変数またはテンポラリのアドレスを返します
E:\K019G1301\個人制作\ShootingPazzle\DX12Library\Source\Utility\Easing.cpp(287): warning C4172: ローカル変数またはテンポラリのアドレスを返します
E:\K019G1301\個人制作\ShootingPazzle\DX12Library\Source\Utility\Easing.cpp(290): warning C4172: ローカル変数またはテンポラリのアドレスを返します
E:\K019G1301\個人制作\ShootingPazzle\DX12Library\Source\Utility\Easing.cpp(293): warning C4172: ローカル変数またはテンポラリのアドレスを返します
E:\K019G1301\個人制作\ShootingPazzle\DX12Library\Source\Utility\Easing.cpp(296): warning C4172: ローカル変数またはテンポラリのアドレスを返します
E:\K019G1301\個人制作\ShootingPazzle\DX12Library\Source\Utility\Easing.cpp(299): warning C4172: ローカル変数またはテンポラリのアドレスを返します
E:\K019G1301\個人制作\ShootingPazzle\DX12Library\Source\Utility\Easing.cpp(302): warning C4172: ローカル変数またはテンポラリのアドレスを返します
E:\K019G1301\個人制作\ShootingPazzle\DX12Library\Source\Utility\Easing.cpp(305): warning C4172: ローカル変数またはテンポラリのアドレスを返します
E:\K019G1301\個人制作\ShootingPazzle\DX12Library\Source\Utility\Easing.cpp(308): warning C4172: ローカル変数またはテンポラリのアドレスを返します
E:\K019G1301\個人制作\ShootingPazzle\DX12Library\Source\Utility\Easing.cpp(311): warning C4172: ローカル変数またはテンポラリのアドレスを返します
E:\K019G1301\個人制作\ShootingPazzle\DX12Library\Source\Utility\Easing.cpp(314): warning C4172: ローカル変数またはテンポラリのアドレスを返します
E:\K019G1301\個人制作\ShootingPazzle\DX12Library\Source\Utility\Easing.cpp(317): warning C4172: ローカル変数またはテンポラリのアドレスを返します
E:\K019G1301\個人制作\ShootingPazzle\DX12Library\Source\Utility\Easing.cpp(320): warning C4172: ローカル変数またはテンポラリのアドレスを返します
E:\K019G1301\個人制作\ShootingPazzle\DX12Library\Source\Utility\Easing.cpp(323): warning C4172: ローカル変数またはテンポラリのアドレスを返します
E:\K019G1301\個人制作\ShootingPazzle\DX12Library\Source\Utility\Easing.cpp(326): warning C4172: ローカル変数またはテンポラリのアドレスを返します
E:\K019G1301\個人制作\ShootingPazzle\DX12Library\Source\Utility\Easing.cpp(329): warning C4172: ローカル変数またはテンポラリのアドレスを返します
E:\K019G1301\個人制作\ShootingPazzle\DX12Library\Source\Utility\Easing.cpp(332): warning C4172: ローカル変数またはテンポラリのアドレスを返します
E:\K019G1301\個人制作\ShootingPazzle\DX12Library\Source\Utility\Easing.cpp(335): warning C4172: ローカル変数またはテンポラリのアドレスを返します
E:\K019G1301\個人制作\ShootingPazzle\DX12Library\Source\Utility\Easing.cpp(338): warning C4172: ローカル変数またはテンポラリのアドレスを返します
E:\K019G1301\個人制作\ShootingPazzle\DX12Library\Source\Utility\Easing.cpp(341): warning C4172: ローカル変数またはテンポラリのアドレスを返します
E:\K019G1301\個人制作\ShootingPazzle\DX12Library\Source\Utility\Easing.cpp(344): warning C4172: ローカル変数またはテンポラリのアドレスを返します
E:\K019G1301\個人制作\ShootingPazzle\DX12Library\Source\Utility\Easing.cpp(347): warning C4172: ローカル変数またはテンポラリのアドレスを返します
E:\K019G1301\個人制作\ShootingPazzle\DX12Library\Source\Utility\Easing.cpp(350): warning C4172: ローカル変数またはテンポラリのアドレスを返します
E:\K019G1301\個人制作\ShootingPazzle\DX12Library\Source\Utility\Easing.cpp(353): warning C4172: ローカル変数またはテンポラリのアドレスを返します
E:\K019G1301\個人制作\ShootingPazzle\DX12Library\Source\Utility\Easing.cpp(356): warning C4172: ローカル変数またはテンポラリのアドレスを返します
E:\K019G1301\個人制作\ShootingPazzle\DX12Library\Source\Utility\Easing.cpp(359): warning C4172: ローカル変数またはテンポラリのアドレスを返します
E:\K019G1301\個人制作\ShootingPazzle\DX12Library\Source\Utility\Easing.cpp(362): warning C4172: ローカル変数またはテンポラリのアドレスを返します
E:\K019G1301\個人制作\ShootingPazzle\DX12Library\Source\Utility\Easing.cpp(365): warning C4172: ローカル変数またはテンポラリのアドレスを返します
  DX12Library.vcxproj -> E:\K019G1301\個人制作\ShootingPazzle\x64\Debug\DX12Library.lib
