e:\k019g1301\ライブラリ\game\x64\release\vc142.pdb
e:\k019g1301\ライブラリ\game\x64\release\main.obj
e:\k019g1301\ライブラリ\game\x64\release\gameplay.obj
e:\k019g1301\個人制作\shootingpazzle\game\x64\release\vc142.pdb
e:\k019g1301\個人制作\shootingpazzle\game\x64\release\triangleblock.obj
e:\k019g1301\個人制作\shootingpazzle\game\x64\release\main.obj
e:\k019g1301\個人制作\shootingpazzle\game\x64\release\gameplay.obj
e:\k019g1301\個人制作\shootingpazzle\game\x64\release\enemybullet.obj
e:\k019g1301\個人制作\shootingpazzle\game\x64\release\block.obj
e:\k019g1301\個人制作\shootingpazzle\game\x64\release\mybullet.obj
e:\k019g1301\ライブラリ\x64\release\game.exe
e:\k019g1301\ライブラリ\game\x64\release\game.ipdb
e:\k019g1301\ライブラリ\game\x64\release\game.iobj
e:\k019g1301\ライブラリ\x64\release\game.pdb
e:\k019g1301\個人制作\shootingpazzle\game\x64\release\game.ipdb
e:\k019g1301\個人制作\shootingpazzle\game\x64\release\game.iobj
e:\k019g1301\個人制作\shootingpazzle\game\x64\release\game.tlog\cl.command.1.tlog
e:\k019g1301\個人制作\shootingpazzle\game\x64\release\game.tlog\cl.read.1.tlog
e:\k019g1301\個人制作\shootingpazzle\game\x64\release\game.tlog\cl.write.1.tlog
e:\k019g1301\個人制作\shootingpazzle\game\x64\release\game.tlog\link.command.1.tlog
e:\k019g1301\個人制作\shootingpazzle\game\x64\release\game.tlog\link.read.1.tlog
e:\k019g1301\個人制作\shootingpazzle\game\x64\release\game.tlog\link.write.1.tlog
