e:\k019g1301\個人制作\shootingpazzle\directxtex\bin\desktop_2019_win10\x64\debug\directxtex.pch
e:\k019g1301\個人制作\shootingpazzle\directxtex\bin\desktop_2019_win10\x64\debug\directxtex.pdb
e:\k019g1301\個人制作\shootingpazzle\directxtex\bin\desktop_2019_win10\x64\debug\directxtexutil.obj
e:\k019g1301\個人制作\shootingpazzle\directxtex\bin\desktop_2019_win10\x64\debug\directxtexwic.obj
e:\k019g1301\個人制作\shootingpazzle\directxtex\bin\desktop_2019_win10\x64\debug\directxtextga.obj
e:\k019g1301\個人制作\shootingpazzle\directxtex\bin\desktop_2019_win10\x64\debug\directxtexresize.obj
e:\k019g1301\個人制作\shootingpazzle\directxtex\bin\desktop_2019_win10\x64\debug\directxtexpmalpha.obj
e:\k019g1301\個人制作\shootingpazzle\directxtex\bin\desktop_2019_win10\x64\debug\directxtexnormalmaps.obj
e:\k019g1301\個人制作\shootingpazzle\directxtex\bin\desktop_2019_win10\x64\debug\directxtexmisc.obj
e:\k019g1301\個人制作\shootingpazzle\directxtex\bin\desktop_2019_win10\x64\debug\directxtexmipmaps.obj
e:\k019g1301\個人制作\shootingpazzle\directxtex\bin\desktop_2019_win10\x64\debug\directxteximage.obj
e:\k019g1301\個人制作\shootingpazzle\directxtex\bin\desktop_2019_win10\x64\debug\directxtexhdr.obj
e:\k019g1301\個人制作\shootingpazzle\directxtex\bin\desktop_2019_win10\x64\debug\directxtexfliprotate.obj
e:\k019g1301\個人制作\shootingpazzle\directxtex\bin\desktop_2019_win10\x64\debug\directxtexdds.obj
e:\k019g1301\個人制作\shootingpazzle\directxtex\bin\desktop_2019_win10\x64\debug\directxtexd3d12.obj
e:\k019g1301\個人制作\shootingpazzle\directxtex\bin\desktop_2019_win10\x64\debug\directxtexd3d11.obj
e:\k019g1301\個人制作\shootingpazzle\directxtex\bin\desktop_2019_win10\x64\debug\directxtexconvert.obj
e:\k019g1301\個人制作\shootingpazzle\directxtex\bin\desktop_2019_win10\x64\debug\directxtexcompressgpu.obj
e:\k019g1301\個人制作\shootingpazzle\directxtex\bin\desktop_2019_win10\x64\debug\directxtexcompress.obj
e:\k019g1301\個人制作\shootingpazzle\directxtex\bin\desktop_2019_win10\x64\debug\bcdirectcompute.obj
e:\k019g1301\個人制作\shootingpazzle\directxtex\bin\desktop_2019_win10\x64\debug\bc6hbc7.obj
e:\k019g1301\個人制作\shootingpazzle\directxtex\bin\desktop_2019_win10\x64\debug\bc4bc5.obj
e:\k019g1301\個人制作\shootingpazzle\directxtex\bin\desktop_2019_win10\x64\debug\bc.obj
e:\k019g1301\個人制作\shootingpazzle\directxtex\bin\desktop_2019_win10\x64\debug\directxtex.lib
e:\k019g1301\個人制作\shootingpazzle\directxtex\bin\desktop_2019_win10\x64\debug\directxtex.tlog\cl.command.1.tlog
e:\k019g1301\個人制作\shootingpazzle\directxtex\bin\desktop_2019_win10\x64\debug\directxtex.tlog\cl.read.1.tlog
e:\k019g1301\個人制作\shootingpazzle\directxtex\bin\desktop_2019_win10\x64\debug\directxtex.tlog\cl.write.1.tlog
e:\k019g1301\個人制作\shootingpazzle\directxtex\bin\desktop_2019_win10\x64\debug\directxtex.tlog\lib-link.read.1.tlog
e:\k019g1301\個人制作\shootingpazzle\directxtex\bin\desktop_2019_win10\x64\debug\directxtex.tlog\lib-link.write.1.tlog
e:\k019g1301\個人制作\shootingpazzle\directxtex\bin\desktop_2019_win10\x64\debug\directxtex.tlog\lib.command.1.tlog
