e:\k019g1301\個人制作\shootingpazzle\stageeditor\x64\release\vc142.pdb
e:\k019g1301\個人制作\shootingpazzle\stageeditor\x64\release\startlane.obj
e:\k019g1301\個人制作\shootingpazzle\stageeditor\x64\release\editorstage.obj
e:\k019g1301\個人制作\shootingpazzle\stageeditor\x64\release\main.obj
e:\k019g1301\個人制作\shootingpazzle\stageeditor\x64\release\editor.obj
e:\k019g1301\個人制作\shootingpazzle\stageeditor\x64\release\command.obj
e:\k019g1301\個人制作\shootingpazzle\stageeditor\x64\release\turnfloor.obj
e:\k019g1301\個人制作\shootingpazzle\stageeditor\x64\release\triangleblock.obj
e:\k019g1301\個人制作\shootingpazzle\stageeditor\x64\release\switchfloor.obj
e:\k019g1301\個人制作\shootingpazzle\stageeditor\x64\release\squareblock.obj
e:\k019g1301\個人制作\shootingpazzle\stageeditor\x64\release\normalfloor.obj
e:\k019g1301\個人制作\shootingpazzle\stageeditor\x64\release\mybullet.obj
e:\k019g1301\個人制作\shootingpazzle\stageeditor\x64\release\gameutility.obj
e:\k019g1301\個人制作\shootingpazzle\stageeditor\x64\release\gamesound.obj
e:\k019g1301\個人制作\shootingpazzle\stageeditor\x64\release\breakfloor.obj
e:\k019g1301\個人制作\shootingpazzle\stageeditor\x64\release\basefloor.obj
e:\k019g1301\個人制作\shootingpazzle\stageeditor\x64\release\baseblock.obj
e:\k019g1301\個人制作\shootingpazzle\x64\release\stageeditor.exe
e:\k019g1301\個人制作\shootingpazzle\stageeditor\x64\release\stageeditor.ipdb
e:\k019g1301\個人制作\shootingpazzle\stageeditor\x64\release\stageeditor.iobj
e:\k019g1301\個人制作\shootingpazzle\x64\release\stageeditor.pdb
e:\k019g1301\個人制作\shootingpazzle\stageeditor\x64\release\stageeditor.tlog\cl.command.1.tlog
e:\k019g1301\個人制作\shootingpazzle\stageeditor\x64\release\stageeditor.tlog\cl.read.1.tlog
e:\k019g1301\個人制作\shootingpazzle\stageeditor\x64\release\stageeditor.tlog\cl.write.1.tlog
e:\k019g1301\個人制作\shootingpazzle\stageeditor\x64\release\stageeditor.tlog\link.command.1.tlog
e:\k019g1301\個人制作\shootingpazzle\stageeditor\x64\release\stageeditor.tlog\link.read.1.tlog
e:\k019g1301\個人制作\shootingpazzle\stageeditor\x64\release\stageeditor.tlog\link.write.1.tlog
